Log file open, 01/15/21 20:32:17
LogWindows: Failed to load 'aqProf.dll' (GetLastError=126)
LogWindows: File 'aqProf.dll' does not exist
LogWindows: Failed to load 'VSPerf140.dll' (GetLastError=126)
LogWindows: File 'VSPerf140.dll' does not exist
LogWindows: Failed to load 'VtuneApi.dll' (GetLastError=126)
LogWindows: File 'VtuneApi.dll' does not exist
LogWindows: Failed to load 'VtuneApi32e.dll' (GetLastError=126)
LogWindows: File 'VtuneApi32e.dll' does not exist
LogInit: Display: Running engine for game: TheMaze_PChrascina
LogPlatformFile: Not using cached read wrapper
LogTaskGraph: Started task graph with 5 named threads and 14 total threads with 3 sets of task threads.
LogStats: Stats thread started at 0.262124
LogD3D11RHI: Loaded GFSDK_Aftermath_Lib.x64.dll
LogICUInternationalization: Display: ICU TimeZone Detection - Raw Offset: +1:00, Platform Override: ''
LogPluginManager: Mounting plugin Paper2D
LogPluginManager: Mounting plugin AISupport
LogPluginManager: Mounting plugin LightPropagationVolume
LogPluginManager: Mounting plugin CLionSourceCodeAccess
LogPluginManager: Mounting plugin CodeLiteSourceCodeAccess
LogPluginManager: Mounting plugin GitSourceControl
LogPluginManager: Mounting plugin KDevelopSourceCodeAccess
LogPluginManager: Mounting plugin NullSourceCodeAccess
LogPluginManager: Mounting plugin PerforceSourceControl
LogPluginManager: Mounting plugin SubversionSourceControl
LogPluginManager: Mounting plugin UObjectPlugin
LogPluginManager: Mounting plugin VisualStudioCodeSourceCodeAccess
LogPluginManager: Mounting plugin VisualStudioSourceCodeAccess
LogPluginManager: Mounting plugin XCodeSourceCodeAccess
LogPluginManager: Mounting plugin AssetManagerEditor
LogPluginManager: Mounting plugin CryptoKeys
LogPluginManager: Mounting plugin DataValidation
LogPluginManager: Mounting plugin FacialAnimation
LogPluginManager: Mounting plugin GameplayTagsEditor
LogPluginManager: Mounting plugin MacGraphicsSwitching
LogPluginManager: Mounting plugin MeshEditor
LogPluginManager: Mounting plugin MobileLauncherProfileWizard
LogPluginManager: Mounting plugin PluginBrowser
LogPluginManager: Mounting plugin SpeedTreeImporter
LogPluginManager: Mounting plugin DatasmithContent
LogPluginManager: Mounting plugin AlembicImporter
LogPluginManager: Mounting plugin AppleImageUtils
LogPluginManager: Mounting plugin AppleVision
LogPluginManager: Mounting plugin BackChannel
LogPluginManager: Mounting plugin CharacterAI
LogPluginManager: Mounting plugin GeometryCache
LogPluginManager: Mounting plugin HTML5Networking
LogPluginManager: Mounting plugin ProxyLODPlugin
LogPluginManager: Mounting plugin MagicLeap
LogPluginManager: Mounting plugin MagicLeapEmulator
LogPluginManager: Mounting plugin MagicLeapMedia
LogPluginManager: Mounting plugin AndroidMedia
LogPluginManager: Mounting plugin AvfMedia
LogPluginManager: Mounting plugin ImgMedia
LogPluginManager: Mounting plugin LinearTimecode
LogPluginManager: Mounting plugin MediaCompositing
LogPluginManager: Mounting plugin MediaPlayerEditor
LogPluginManager: Mounting plugin WmfMedia
LogPluginManager: Mounting plugin TcpMessaging
LogPluginManager: Mounting plugin UdpMessaging
LogPluginManager: Mounting plugin ActorSequence
LogPluginManager: Mounting plugin LevelSequenceEditor
LogPluginManager: Mounting plugin MatineeToLevelSequence
LogPluginManager: Mounting plugin NetcodeUnitTest
LogPluginManager: Mounting plugin NUTUnrealEngine4
LogPluginManager: Mounting plugin OnlineSubsystemGooglePlay
LogPluginManager: Mounting plugin OnlineSubsystemIOS
LogPluginManager: Mounting plugin OnlineSubsystem
LogPluginManager: Mounting plugin OnlineSubsystemNull
LogPluginManager: Mounting plugin OnlineSubsystemUtils
LogPluginManager: Mounting plugin LauncherChunkInstaller
LogPluginManager: Mounting plugin AndroidDeviceProfileSelector
LogPluginManager: Mounting plugin AndroidMoviePlayer
LogPluginManager: Mounting plugin AndroidPermission
LogPluginManager: Mounting plugin AppleMoviePlayer
LogPluginManager: Mounting plugin ArchVisCharacter
LogPluginManager: Mounting plugin AudioCapture
LogPluginManager: Mounting plugin CableComponent
LogPluginManager: Mounting plugin CustomMeshComponent
LogPluginManager: Mounting plugin EditableMesh
LogPluginManager: Mounting plugin ExampleDeviceProfileSelector
LogPluginManager: Mounting plugin GoogleCloudMessaging
LogPluginManager: Mounting plugin ImmediatePhysics
LogPluginManager: Mounting plugin IOSDeviceProfileSelector
LogPluginManager: Mounting plugin LinuxDeviceProfileSelector
LogPluginManager: Mounting plugin LocationServicesBPLibrary
LogPluginManager: Mounting plugin MobilePatchingUtils
LogPluginManager: Mounting plugin OculusVR
LogPluginManager: Plugin shader directory ../../../Engine/Plugins/Runtime/Oculus/OculusVR/Shaders found
LogPluginManager: Mapping shader source directory ../../../Engine/Plugins/Runtime/Oculus/OculusVR/Shaders to virtual directory /Plugin/OculusVR
LogPluginManager: Mounting plugin PhysXVehicles
LogPluginManager: Mounting plugin ProceduralMeshComponent
LogPluginManager: Mounting plugin RuntimePhysXCooking
LogPluginManager: Mounting plugin SteamVR
LogPluginManager: Mounting plugin WindowsMoviePlayer
LogStreaming: Display: Took  0.201s to configure plugins.
LogInit: Using libcurl 7.55.1-DEV
LogInit:  - built for x86_64-pc-win32
LogInit:  - supports SSL with OpenSSL/1.0.2h
LogInit:  - supports HTTP deflate (compression) using libz 1.2.8
LogInit:  - other features:
LogInit:      CURL_VERSION_SSL
LogInit:      CURL_VERSION_LIBZ
LogInit:      CURL_VERSION_IPV6
LogInit:      CURL_VERSION_ASYNCHDNS
LogInit:      CURL_VERSION_LARGEFILE
LogInit:      CURL_VERSION_IDN
LogInit:  CurlRequestOptions (configurable via config and command line):
LogInit:  - bVerifyPeer = false  - Libcurl will NOT verify peer certificate
LogInit:  - bUseHttpProxy = false  - Libcurl will NOT use HTTP proxy
LogInit:  - bDontReuseConnections = false  - Libcurl will reuse connections
LogInit:  - CertBundlePath = nullptr  - Libcurl will use whatever was configured at build time.
LogInit:  - MaxHostConnections = 16  - Libcurl will limit the number of connections to a host
LogInit:  - LocalHostAddr = Default
LogInit:  - BufferSize = 65536
LogInit: WinSock: version 1.1 (2.2), MaxSocks=32767, MaxUdp=65467
LogInit: Build: ++UE4+Release-4.20-CL-4369336
LogInit: Engine Version: 4.20.3-4369336+++UE4+Release-4.20
LogInit: Compatible Engine Version: 4.20.0-4212847+++UE4+Release-4.20
LogInit: Net CL: 4212847
LogInit: OS: Windows 10 (), CPU: Intel(R) Core(TM) i5-6300HQ CPU @ 2.30GHz, GPU: Intel(R) HD Graphics 530
LogInit: Compiled (64-bit): Sep 17 2018 12:26:19
LogInit: Compiled with Visual C++: 19.13.26129.00
LogInit: Build Configuration: Development
LogInit: Branch Name: ++UE4+Release-4.20
LogInit: Command Line:  
LogInit: Base Directory: C:/Program Files (x86)/Epic Games/UE_4.20/Engine/Binaries/Win64/
LogInit: Installed Engine Build: 1
LogDevObjectVersion: Number of dev versions registered: 20
LogDevObjectVersion:   Dev-Blueprints (B0D832E4-1F89-4F0D-ACCF-7EB736FD4AA2): 10
LogDevObjectVersion:   Dev-Build (E1C64328-A22C-4D53-A36C-8E866417BD8C): 0
LogDevObjectVersion:   Dev-Core (375EC13C-06E4-48FB-B500-84F0262A717E): 2
LogDevObjectVersion:   Dev-Editor (E4B068ED-F494-42E9-A231-DA0B2E46BB41): 24
LogDevObjectVersion:   Dev-Framework (CFFC743F-43B0-4480-9391-14DF171D2073): 34
LogDevObjectVersion:   Dev-Mobile (B02B49B5-BB20-44E9-A304-32B752E40360): 2
LogDevObjectVersion:   Dev-Networking (A4E4105C-59A1-49B5-A7C5-40C4547EDFEE): 0
LogDevObjectVersion:   Dev-Online (39C831C9-5AE6-47DC-9A44-9C173E1C8E7C): 0
LogDevObjectVersion:   Dev-Physics (78F01B33-EBEA-4F98-B9B4-84EACCB95AA2): 0
LogDevObjectVersion:   Dev-Platform (6631380F-2D4D-43E0-8009-CF276956A95A): 0
LogDevObjectVersion:   Dev-Rendering (12F88B9F-8875-4AFC-A67C-D90C383ABD29): 26
LogDevObjectVersion:   Dev-Sequencer (7B5AE74C-D270-4C10-A958-57980B212A5A): 9
LogDevObjectVersion:   Dev-VR (D7296918-1DD6-4BDD-9DE2-64A83CC13884): 2
LogDevObjectVersion:   Dev-LoadTimes (C2A15278-BFE7-4AFE-6C17-90FF531DF755): 1
LogDevObjectVersion:   Private-Geometry (6EACA3D4-40EC-4CC1-B786-8BED09428FC5): 3
LogDevObjectVersion:   Dev-AnimPhys (29E575DD-E0A3-4627-9D10-D276232CDCEA): 17
LogDevObjectVersion:   Dev-ReflectionCapture (6B266CEC-1EC7-4B8F-A30B-E4D90942FC07): 1
LogDevObjectVersion:   Dev-Automation (0DF73D61-A23F-47EA-B727-89E90C41499A): 1
LogDevObjectVersion:   FortniteMain (601D1886-AC64-4F84-AA16-D3DE0DEAC7D6): 12
LogDevObjectVersion:   Dev-Enterprise (9DFFBCD6-494F-0158-E221-12823C92A888): 1
LogStreaming: Display: Took  0.003s to delete old logs.
LogInit: Presizing for max 8388607 objects, including 0 objects not considered by GC, pre-allocating 0 bytes for permanent pool.
LogInit: Object subsystem initialized
[2021.01.15-19.32.17:511][  0]LogInit: Selected Device Profile: [Windows]
[2021.01.15-19.32.17:511][  0]LogInit: Applying CVar settings loaded from the selected device profile: [Windows]
[2021.01.15-19.32.17:531][  0]LogHAL: Display: Platform has ~ 8 GB [8374956032 / 8589934592 / 8], which maps to Default [LargestMinGB=32, LargerMinGB=12, DefaultMinGB=8, SmallerMinGB=6, SmallestMinGB=0)
[2021.01.15-19.32.17:531][  0]LogInit: Setting Device Profile CVar: [[r.Vulkan.UseRealUBs:1]]
[2021.01.15-19.32.17:531][  0]LogInit: Going up to parent DeviceProfile []
[2021.01.15-19.32.17:532][  0]LogInit: Computer: LAPTOP-4EKRA7ME
[2021.01.15-19.32.17:532][  0]LogInit: User: Felidre
[2021.01.15-19.32.17:532][  0]LogInit: CPU Page size=4096, Cores=4
[2021.01.15-19.32.17:532][  0]LogInit: High frequency timer resolution =10.000000 MHz
[2021.01.15-19.32.17:532][  0]LogMemory: Memory total: Physical=7.8GB (8GB approx)
[2021.01.15-19.32.17:532][  0]LogMemory: Platform Memory Stats for Windows
[2021.01.15-19.32.17:532][  0]LogMemory: Process Physical Memory: 101.48 MB used, 101.48 MB peak
[2021.01.15-19.32.17:532][  0]LogMemory: Process Virtual Memory: 84.34 MB used, 84.34 MB peak
[2021.01.15-19.32.17:532][  0]LogMemory: Physical Memory: 5593.58 MB used,  2393.40 MB free, 7986.98 MB total
[2021.01.15-19.32.17:532][  0]LogMemory: Virtual Memory: 4609.22 MB used,  2393.40 MB free, 134217728.00 MB total
[2021.01.15-19.32.17:561][  0]LogInit: Using OS detected language (en-GB).
[2021.01.15-19.32.17:561][  0]LogInit: Using OS detected locale (en-GB).
[2021.01.15-19.32.17:562][  0]LogTextLocalizationManager: No specific localization for 'en-GB' exists, so the 'en' localization will be used.
[2021.01.15-19.32.18:150][  0]LogStreaming: Display: Took  0.589s to InitEngineTextLocalization.
[2021.01.15-19.32.18:150][  0]LogInit: Setting process to per monitor DPI aware
[2021.01.15-19.32.18:195][  0]LogSlate: New Slate User Created.  User Index 0, Is Virtual User: 0
[2021.01.15-19.32.18:195][  0]LogSlate: Slate User Registered.  User Index 0, Is Virtual User: 0
[2021.01.15-19.32.18:580][  0]LogHMD: Failed to initialize OpenVR with code 110
[2021.01.15-19.32.18:580][  0]LogD3D11RHI: D3D11 adapters:
[2021.01.15-19.32.18:703][  0]LogD3D11RHI:    0. 'NVIDIA GeForce GTX 950M' (Feature Level 11_0)
[2021.01.15-19.32.18:703][  0]LogD3D11RHI:       4055/0/3993 MB DedicatedVideo/DedicatedSystem/SharedSystem, Outputs:1, VendorId:0x10de
[2021.01.15-19.32.18:722][  0]LogD3D11RHI:    1. 'Intel(R) HD Graphics 530' (Feature Level 11_0)
[2021.01.15-19.32.18:722][  0]LogD3D11RHI:       128/0/3993 MB DedicatedVideo/DedicatedSystem/SharedSystem, Outputs:0, VendorId:0x8086
[2021.01.15-19.32.18:725][  0]LogD3D11RHI:    2. 'Microsoft Basic Render Driver' (Feature Level 11_0)
[2021.01.15-19.32.18:725][  0]LogD3D11RHI:       0/0/3993 MB DedicatedVideo/DedicatedSystem/SharedSystem, Outputs:0, VendorId:0x1414
[2021.01.15-19.32.18:725][  0]LogD3D11RHI: Chosen D3D11 Adapter: 0
[2021.01.15-19.32.18:788][  0]LogD3D11RHI: Creating new Direct3DDevice
[2021.01.15-19.32.18:788][  0]LogD3D11RHI:     GPU DeviceId: 0x139a (for the marketing name, search the web for "GPU Device Id")
[2021.01.15-19.32.18:788][  0]LogWindows: EnumDisplayDevices:
[2021.01.15-19.32.18:789][  0]LogWindows:    0. 'Intel(R) HD Graphics 530' (P:1 D:1)
[2021.01.15-19.32.18:789][  0]LogWindows:    1. 'Intel(R) HD Graphics 530' (P:0 D:0)
[2021.01.15-19.32.18:789][  0]LogWindows:    2. 'Intel(R) HD Graphics 530' (P:0 D:0)
[2021.01.15-19.32.18:790][  0]LogWindows: DebugString: PrimaryIsNotTheChoosenAdapter PrimaryIsNotTheChoosenAdapter PrimaryIsNotTheChoosenAdapter FoundDriverCount:0 
[2021.01.15-19.32.18:790][  0]LogD3D11RHI:     Adapter Name: NVIDIA GeForce GTX 950M
[2021.01.15-19.32.18:790][  0]LogD3D11RHI:   Driver Version: Unknown (internal:Unknown, unified:Unknown)
[2021.01.15-19.32.18:790][  0]LogD3D11RHI:      Driver Date: Unknown
[2021.01.15-19.32.18:790][  0]LogRHI: Texture pool is 2839 MB (70% of 4055 MB)
[2021.01.15-19.32.18:866][  0]LogD3D11RHI: Async texture creation enabled
[2021.01.15-19.32.18:883][  0]LogD3D11RHI: GPU Timing Frequency: 1000.000000 (Debug: 2 1)
[2021.01.15-19.32.18:884][  0]LogShaderCompilers: Guid format shader working directory is -39 characters bigger than the processId version (../../../../../../Users/Felidre/Desktop/Studia/Silniki gier/TheMaze/TheMaze_PChrascina/Intermediate/Shaders/WorkingDirectory/10344/).
[2021.01.15-19.32.18:884][  0]LogShaderCompilers: Cleaned the shader compiler working directory 'C:/Users/Felidre/AppData/Local/Temp/UnrealShaderWorkingDir/4643FE034BB4495B559D4D8711771773/'.
[2021.01.15-19.32.19:603][  0]LogTemp: Display: Loaded TP AllDesktopTargetPlatform
[2021.01.15-19.32.19:623][  0]LogTemp: Display: Loaded TP MacClientTargetPlatform
[2021.01.15-19.32.19:644][  0]LogTemp: Display: Loaded TP MacNoEditorTargetPlatform
[2021.01.15-19.32.19:665][  0]LogTemp: Display: Loaded TP MacServerTargetPlatform
[2021.01.15-19.32.19:685][  0]LogTemp: Display: Loaded TP MacTargetPlatform
[2021.01.15-19.32.19:707][  0]LogTemp: Display: Loaded TP WindowsClientTargetPlatform
[2021.01.15-19.32.19:729][  0]LogTemp: Display: Loaded TP WindowsNoEditorTargetPlatform
[2021.01.15-19.32.19:751][  0]LogTemp: Display: Loaded TP WindowsServerTargetPlatform
[2021.01.15-19.32.19:763][  0]LogTemp: Display: Loaded TP WindowsTargetPlatform
[2021.01.15-19.32.19:889][  0]LogTemp: Display: Loaded TP AndroidTargetPlatform
[2021.01.15-19.32.19:889][  0]LogTemp: Display: Loaded TP AndroidTargetPlatform
[2021.01.15-19.32.19:889][  0]LogTemp: Display: Loaded TP AndroidTargetPlatform
[2021.01.15-19.32.19:889][  0]LogTemp: Display: Loaded TP AndroidTargetPlatform
[2021.01.15-19.32.19:889][  0]LogTemp: Display: Loaded TP AndroidTargetPlatform
[2021.01.15-19.32.19:889][  0]LogTemp: Display: Loaded TP AndroidTargetPlatform
[2021.01.15-19.32.19:889][  0]LogTemp: Display: Loaded TP AndroidTargetPlatform
[2021.01.15-19.32.19:889][  0]LogTemp: Display: Loaded TP AndroidTargetPlatform
[2021.01.15-19.32.19:889][  0]LogTemp: Display: Loaded TP AndroidTargetPlatform
[2021.01.15-19.32.19:889][  0]LogTemp: Display: Loaded TP AndroidTargetPlatform
[2021.01.15-19.32.19:889][  0]LogTemp: Display: Loaded TP AndroidTargetPlatform
[2021.01.15-19.32.19:889][  0]LogTemp: Display: Loaded TP AndroidTargetPlatform
[2021.01.15-19.32.19:889][  0]LogTemp: Display: Loaded TP AndroidTargetPlatform
[2021.01.15-19.32.19:889][  0]LogTemp: Display: Loaded TP AndroidTargetPlatform
[2021.01.15-19.32.19:889][  0]LogTemp: Display: Loaded TP AndroidTargetPlatform
[2021.01.15-19.32.19:889][  0]LogTemp: Display: Loaded TP AndroidTargetPlatform
[2021.01.15-19.32.19:890][  0]LogTemp: Display: Loaded TP AndroidTargetPlatform
[2021.01.15-19.32.19:890][  0]LogTemp: Display: Loaded TP AndroidTargetPlatform
[2021.01.15-19.32.19:893][  0]LogTemp: Display: Loaded TP HTML5TargetPlatform
[2021.01.15-19.32.19:967][  0]LogTemp: Display: Loaded TP IOSTargetPlatform
[2021.01.15-19.32.19:967][  0]LogTemp: Display: Loaded TP IOSTargetPlatform
[2021.01.15-19.32.19:999][  0]LogTemp: Display: Loaded TP TVOSTargetPlatform
[2021.01.15-19.32.19:999][  0]LogTemp: Display: Loaded TP TVOSTargetPlatform
[2021.01.15-19.32.20:015][  0]LogTemp: Display: Loaded TP LinuxClientTargetPlatform
[2021.01.15-19.32.20:034][  0]LogTemp: Display: Loaded TP LinuxNoEditorTargetPlatform
[2021.01.15-19.32.20:051][  0]LogTemp: Display: Loaded TP LinuxServerTargetPlatform
[2021.01.15-19.32.20:071][  0]LogTemp: Display: Loaded TP LinuxTargetPlatform
[2021.01.15-19.32.20:085][  0]LogTemp: Display: Loaded TP LuminTargetPlatform
[2021.01.15-19.32.20:086][  0]LogTargetPlatformManager: Display: Building Assets For Windows
[2021.01.15-19.32.20:181][  0]LogXGEController: Cleaning working directory: C:/Users/Felidre/AppData/Local/Temp/UnrealXGEWorkingDir/
[2021.01.15-19.32.20:181][  0]LogXGEController: Cannot use XGE Controller as Incredibuild is not installed on this machine.
[2021.01.15-19.32.20:181][  0]LogShaderCompilers: Cannot use XGE Shader Compiler as Incredibuild is not installed on this machine.
[2021.01.15-19.32.20:181][  0]LogShaderCompilers: Display: Using Local Shader Compiler.
[2021.01.15-19.32.21:580][  0]LogDerivedDataCache: Display: Max Cache Size: 512 MB
[2021.01.15-19.32.21:661][  0]LogDerivedDataCache: Loaded boot cache 0.08s 71MB C:/Users/Felidre/AppData/Local/UnrealEngine/4.20/DerivedDataCache/Boot.ddc.
[2021.01.15-19.32.21:661][  0]LogDerivedDataCache: Display: Loaded Boot cache: C:/Users/Felidre/AppData/Local/UnrealEngine/4.20/DerivedDataCache/Boot.ddc
[2021.01.15-19.32.21:661][  0]LogDerivedDataCache: FDerivedDataBackendGraph:  Pak pak cache file ../../../../../../Users/Felidre/Desktop/Studia/Silniki gier/TheMaze/TheMaze_PChrascina/DerivedDataCache/DDC.ddp not found, will not use a pak cache.
[2021.01.15-19.32.21:661][  0]LogDerivedDataCache: Unable to find inner node Pak for hierarchical cache Hierarchy.
[2021.01.15-19.32.21:661][  0]LogDerivedDataCache: FDerivedDataBackendGraph:  CompressedPak pak cache file ../../../../../../Users/Felidre/Desktop/Studia/Silniki gier/TheMaze/TheMaze_PChrascina/DerivedDataCache/Compressed.ddp not found, will not use a pak cache.
[2021.01.15-19.32.21:661][  0]LogDerivedDataCache: Unable to find inner node CompressedPak for hierarchical cache Hierarchy.
[2021.01.15-19.32.21:680][  0]LogDerivedDataCache: Display: Pak cache opened for reading ../../../Engine/DerivedDataCache/Compressed.ddp.
[2021.01.15-19.32.21:693][  0]LogDerivedDataCache: Using Local data cache path C:/Users/Felidre/AppData/Local/UnrealEngine/Common/DerivedDataCache: Writable
[2021.01.15-19.32.21:693][  0]LogDerivedDataCache: Shared data cache path not found in *engine.ini, will not use an Shared cache.
[2021.01.15-19.32.21:693][  0]LogDerivedDataCache: Unable to find inner node Shared for hierarchical cache Hierarchy.
[2021.01.15-19.32.21:716][  0]LogMaterial: Verifying Global Shaders for PCD3D_SM5
[2021.01.15-19.32.21:718][  0]LogSlate: Using FreeType 2.6.0
[2021.01.15-19.32.21:719][  0]LogSlate: SlateFontServices - WITH_FREETYPE: 1, WITH_HARFBUZZ: 1
[2021.01.15-19.32.21:816][  0]LogAssetRegistry: FAssetRegistry took 0.0276 seconds to start up
[2021.01.15-19.32.22:246][  0]LogInit: Selected Device Profile: [Windows]
[2021.01.15-19.32.22:432][  0]LogSimplygon: Simplygon DLL not present - disabling.
[2021.01.15-19.32.22:437][  0]LogMeshReduction: Using SimplygonSwarm for distributed automatic mesh merging
[2021.01.15-19.32.22:437][  0]LogMeshReduction: Using ProxyLODMeshReduction for automatic mesh merging
[2021.01.15-19.32.22:437][  0]LogMeshReduction: Using QuadricMeshReduction for automatic static mesh reduction
[2021.01.15-19.32.22:437][  0]LogMeshReduction: No automatic skeletal mesh reduction module available
[2021.01.15-19.32.22:456][  0]LogNetVersion: TheMaze_PChrascina 1.0.0, NetCL: 4212847, EngineNetVer: 5, GameNetVer: 0 (Checksum: 1939499750)
[2021.01.15-19.32.23:252][  0]LogPackageLocalizationCache: Processed 11 localized package path(s) for 2 prioritized culture(s) in 0.155872 seconds
[2021.01.15-19.32.23:264][  0]LogUObjectArray: 38425 objects as part of root set at end of initial load.
[2021.01.15-19.32.23:265][  0]LogUObjectAllocator: 6690872 out of 0 bytes used by permanent object pool.
[2021.01.15-19.32.23:265][  0]LogUObjectArray: CloseDisregardForGC: 0/0 objects in disregard for GC pool
[2021.01.15-19.32.24:668][  0]LogTcpMessaging: Initializing TcpMessaging bridge
[2021.01.15-19.32.24:680][  0]LogUdpMessaging: Initializing bridge on interface 0.0.0.0:0 to multicast group 230.0.0.1:6666.
[2021.01.15-19.32.24:851][  0]SourceControl: Source control is disabled
[2021.01.15-19.32.24:851][  0]SourceControl: Source control is disabled
[2021.01.15-19.32.24:853][  0]SourceControl: Source control is disabled
[2021.01.15-19.32.24:854][  0]SourceControl: Source control is disabled
[2021.01.15-19.32.25:066][  0]LogAndroidPermission: UAndroidPermissionCallbackProxy::GetInstance
[2021.01.15-19.32.25:135][  0]LogOcInput: OculusInput pre-init called
[2021.01.15-19.32.25:210][  0]LogEngine: Initializing Engine...
[2021.01.15-19.32.25:211][  0]LogHMD: Failed to initialize OpenVR with code 110
[2021.01.15-19.32.25:212][  0]LogStats: UGameplayTagsManager::ConstructGameplayTagTree: ImportINI prefixes -  0.000 s
[2021.01.15-19.32.25:212][  0]LogStats: UGameplayTagsManager::ConstructGameplayTagTree: Construct from data asset -  0.000 s
[2021.01.15-19.32.25:212][  0]LogStats: UGameplayTagsManager::ConstructGameplayTagTree: ImportINI -  0.000 s
[2021.01.15-19.32.25:212][  0]LogStats: UGameplayTagsManager::ConstructGameplayTagTree: GameplayTagTreeChangedEvent.Broadcast -  0.000 s
[2021.01.15-19.32.25:471][  0]LogInit: Initializing FReadOnlyCVARCache
[2021.01.15-19.32.25:488][  0]LogAIModule: Creating AISystem for world Untitled
[2021.01.15-19.32.25:525][  0]LogInit: XAudio2 using 'Słuchawki HUAWEI (Realtek High Definition Audio)' : 2 channels at 48 kHz using 32 bits per sample (channel mask 0x3)
[2021.01.15-19.32.25:538][  0]LogInit: FAudioDevice initialized.
[2021.01.15-19.32.25:538][  0]LogNetVersion: Set ProjectVersion to 1.0.0.0. Version Checksum will be recalculated on next use.
[2021.01.15-19.32.26:012][  0]LogDerivedDataCache: Saved boot cache 0.48s 71MB C:/Users/Felidre/AppData/Local/UnrealEngine/4.20/DerivedDataCache/Boot.ddc.
[2021.01.15-19.32.26:022][  0]LogInit: Texture streaming: Enabled
[2021.01.15-19.32.26:058][  0]LogEngineSessionManager: EngineSessionManager initialized
[2021.01.15-19.32.26:076][  0]LogInit: Transaction tracking system initialized
[2021.01.15-19.32.26:107][  0]BlueprintLog: New page: Editor Load
[2021.01.15-19.32.26:213][  0]LocalizationService: Localization service is disabled
[2021.01.15-19.32.26:517][  0]LogCook: Display: Max memory allowance for cook 16384mb min free memory 0mb
[2021.01.15-19.32.26:517][  0]LogCook: Display: Mobile HDR setting 1
[2021.01.15-19.32.26:517][  0]LogGameplayTags: Display: UGameplayTagsManager::DoneAddingNativeTags. DelegateIsBound: 0
[2021.01.15-19.32.26:517][  0]LogStats: UGameplayTagsManager::ConstructGameplayTagTree: ImportINI prefixes -  0.000 s
[2021.01.15-19.32.26:517][  0]LogStats: UGameplayTagsManager::ConstructGameplayTagTree: Construct from data asset -  0.000 s
[2021.01.15-19.32.26:517][  0]LogStats: UGameplayTagsManager::ConstructGameplayTagTree: ImportINI -  0.000 s
[2021.01.15-19.32.26:517][  0]LogStats: UGameplayTagsManager::ConstructGameplayTagTree: GameplayTagTreeChangedEvent.Broadcast -  0.000 s
[2021.01.15-19.32.26:654][  0]LogFileCache: Scanning file cache for directory 'C:/Users/Felidre/Desktop/Studia/Silniki gier/TheMaze/TheMaze_PChrascina/Content/' took 0.02s
[2021.01.15-19.32.26:654][  0]SourceControl: Source control is disabled
[2021.01.15-19.32.26:654][  0]Cmd: MAP LOAD FILE="../../../../../../Users/Felidre/Desktop/Studia/Silniki gier/TheMaze/TheMaze_PChrascina/Content/StarterContent/Maps/Minimal_Default.umap" TEMPLATE=0 SHOWPROGRESS=1 FEATURELEVEL=3
[2021.01.15-19.32.26:655][  0]LightingResults: New page: Lighting Build
[2021.01.15-19.32.26:658][  0]MapCheck: New page: Map Check
[2021.01.15-19.32.26:658][  0]LightingResults: New page: Lighting Build
[2021.01.15-19.32.27:086][  0]LogAIModule: Creating AISystem for world Minimal_Default
[2021.01.15-19.32.27:097][  0]LogEditorServer: Finished looking for orphan Actors (0.000 secs)
[2021.01.15-19.32.27:127][  0]Cmd: MAP CHECKDEP NOCLEARLOG
[2021.01.15-19.32.27:235][  0]MapCheck: Map check complete: 0 Error(s), 0 Warning(s), took 107.83ms to complete.
[2021.01.15-19.32.27:235][  0]LogFileHelpers: Loading map 'Minimal_Default' took 0.581
[2021.01.15-19.32.27:339][  0]LogSlate: Updating window title bar state: overlay mode, drag disabled, window buttons hidden, title bar hidden
[2021.01.15-19.32.27:348][  0]LogSlate: Updating window title bar state: overlay mode, drag disabled, window buttons hidden, title bar hidden
[2021.01.15-19.32.27:358][  0]LogSlate: Updating window title bar state: overlay mode, drag disabled, window buttons hidden, title bar hidden
[2021.01.15-19.32.27:369][  0]LogSlate: Updating window title bar state: overlay mode, drag disabled, window buttons hidden, title bar hidden
[2021.01.15-19.32.27:377][  0]LogCollectionManager: Loaded 0 collections in 0.002187 seconds
[2021.01.15-19.32.27:425][  0]LogFileCache: Scanning file cache for directory 'C:/Users/Felidre/Desktop/Studia/Silniki gier/TheMaze/TheMaze_PChrascina/Saved/Collections/' took 0.01s
[2021.01.15-19.32.27:425][  0]LogFileCache: Scanning file cache for directory 'C:/Users/Felidre/Desktop/Studia/Silniki gier/TheMaze/TheMaze_PChrascina/Content/Developers/Felidre/Collections/' took 0.01s
[2021.01.15-19.32.27:425][  0]LogFileCache: Scanning file cache for directory 'C:/Users/Felidre/Desktop/Studia/Silniki gier/TheMaze/TheMaze_PChrascina/Content/Collections/' took 0.02s
[2021.01.15-19.32.27:425][  0]LogCollectionManager: Rebuilt the GUID cache for 0 collections in 0.000000 seconds
[2021.01.15-19.32.27:437][  0]LogContentBrowser: Native class hierarchy populated in 0.0116 seconds. Added 2572 classes and 603 folders.
[2021.01.15-19.32.27:445][  0]LogContentBrowser: Native class hierarchy updated for 'WidgetCarousel' in 0.0003 seconds. Added 0 classes and 0 folders.
[2021.01.15-19.32.27:503][  0]LogContentBrowser: Native class hierarchy updated for 'AddContentDialog' in 0.0003 seconds. Added 0 classes and 0 folders.
[2021.01.15-19.32.27:509][  0]LogContentBrowser: Native class hierarchy updated for 'SceneOutliner' in 0.0004 seconds. Added 1 classes and 2 folders.
[2021.01.15-19.32.27:602][  0]LogSlate: Took 0.000273 seconds to synchronously load lazily loaded font '../../../Engine/Content/Slate/Fonts/Roboto-Regular.ttf' (155K)
[2021.01.15-19.32.27:606][  0]LogSlate: Took 0.000252 seconds to synchronously load lazily loaded font '../../../Engine/Content/Slate/Fonts/Roboto-Bold.ttf' (160K)
[2021.01.15-19.32.27:609][  0]LogSlate: Took 0.000329 seconds to synchronously load lazily loaded font '../../../Engine/Content/Editor/Slate/Fonts/FontAwesome.ttf' (139K)
[2021.01.15-19.32.27:692][  0]LogRenderer: Reallocating scene render targets to support 1196x456 Format 10 NumSamples 1 (Frame:1).
[2021.01.15-19.32.27:902][  0]LogContentBrowser: Native class hierarchy updated for 'HierarchicalLODOutliner' in 0.0004 seconds. Added 0 classes and 0 folders.
[2021.01.15-19.32.27:902][  0]LogLoad: (Engine Initialization) Total time: 12.76 seconds
[2021.01.15-19.32.27:902][  0]LogLoad: (Engine Initialization) Total Blueprint compile time: 0.00 seconds
[2021.01.15-19.32.27:949][  0]LogContentStreaming: Texture pool size now 1000 MB
[2021.01.15-19.32.27:982][  0]LogSlate: Took 0.000233 seconds to synchronously load lazily loaded font '../../../Engine/Content/Slate/Fonts/Roboto-Light.ttf' (167K)
[2021.01.15-19.32.28:233][  2]LogAssetRegistry: Asset discovery search completed in 6.4395 seconds
[2021.01.15-19.32.28:235][  2]LogCollectionManager: Rebuilt the object cache for 0 collections in 0.000000 seconds (found 0 objects)
[2021.01.15-19.32.28:235][  2]LogCollectionManager: Fixed up redirectors for 0 collections in 0.000075 seconds (updated 0 objects)
[2021.01.15-19.32.29:558][  6]LogSlate: Took 0.000235 seconds to synchronously load lazily loaded font '../../../Engine/Content/Slate/Fonts/Roboto-Light.ttf' (167K)
[2021.01.15-19.34.00:989][303]LogSlate: FSceneViewport::OnFocusLost() reason 0
[2021.01.15-19.34.01:223][310]LogAIModule: Creating AISystem for world Level1
[2021.01.15-19.34.01:231][310]LogAssetEditorManager: Opening Asset editor for World /Game/Level1.Level1
[2021.01.15-19.34.01:255][310]Cmd: MAP LOAD FILE="../../../../../../Users/Felidre/Desktop/Studia/Silniki gier/TheMaze/TheMaze_PChrascina/Content/Level1.umap" TEMPLATE=0 SHOWPROGRESS=1 FEATURELEVEL=3
[2021.01.15-19.34.01:255][310]LightingResults: New page: Lighting Build
[2021.01.15-19.34.01:256][310]LoadErrors: New page: Loading map: Level1.umap
[2021.01.15-19.34.01:257][310]MapCheck: New page: Map Check
[2021.01.15-19.34.01:257][310]LightingResults: New page: Lighting Build
[2021.01.15-19.34.01:363][310]LogEditorServer: Finished looking for orphan Actors (0.000 secs)
[2021.01.15-19.34.01:418][310]Cmd: MAP CHECKDEP NOCLEARLOG
[2021.01.15-19.34.01:534][310]MapCheck: Map check complete: 0 Error(s), 0 Warning(s), took 115.312ms to complete.
[2021.01.15-19.34.01:535][310]LogFileHelpers: Loading map 'Level1' took 0.280
[2021.01.15-19.34.11:589][779]LogAssetEditorManager: Opening Asset editor for LevelScriptBlueprint /Game/Level1.Level1:PersistentLevel.Level1
[2021.01.15-19.34.12:178][779]LogContentBrowser: Native class hierarchy updated for 'BlueprintGraph' in 0.0008 seconds. Added 116 classes and 0 folders.
[2021.01.15-19.34.13:061][779]LogSlate: Took 0.000179 seconds to synchronously load lazily loaded font '../../../Engine/Content/Slate/Fonts/Roboto-BoldCondensed.ttf' (158K)
[2021.01.15-19.34.16:637][833]LogSlate: Took 0.000293 seconds to synchronously load lazily loaded font '../../../Engine/Content/Slate/Fonts/Roboto-Italic.ttf' (157K)
[2021.01.15-19.34.54:501][934]LogSlate: Window 'Color Picker' being destroyed
[2021.01.15-19.37.03:297][965]LogSlate: Window 'Color Picker' being destroyed
[2021.01.15-19.37.21:554][981]LogSlate: Window 'Color Picker' being destroyed
[2021.01.15-19.37.40:963][976]LogSlate: Window 'Color Picker' being destroyed
[2021.01.15-19.39.18:801][688]BlueprintLog: New page: Compile Level1
[2021.01.15-19.39.19:549][710]Cmd: OBJ SAVEPACKAGE PACKAGE="/Game/Level1" FILE="../../../../../../Users/Felidre/Desktop/Studia/Silniki gier/TheMaze/TheMaze_PChrascina/Content/Level1.umap" SILENT=true AUTOSAVING=false KEEPDIRTY=false
[2021.01.15-19.39.19:824][710]LogSavePackage: Moving '../../../../../../Users/Felidre/Desktop/Studia/Silniki gier/TheMaze/TheMaze_PChrascina/Saved/Level17B02C75145A01C4EF39B44AFF13A4298.tmp' to '../../../../../../Users/Felidre/Desktop/Studia/Silniki gier/TheMaze/TheMaze_PChrascina/Content/Level1.umap'
[2021.01.15-19.39.19:865][710]LogFileHelpers: Saving map 'Level1' took 0.439
[2021.01.15-19.39.21:059][776]LogTemp: Repeating last play command: Selected Viewport
[2021.01.15-19.39.21:080][776]LogBlueprintUserMessages: Early PlayInEditor Detection: Level '/Game/Level1.Level1:PersistentLevel' has LevelScriptBlueprint '/Game/Level1.Level1:PersistentLevel.Level1' with GeneratedClass '/Game/Level1.Level1_C' with ClassGeneratedBy '/Game/Level1.Level1:PersistentLevel.Level1'
[2021.01.15-19.39.21:080][776]LogPlayLevel: PlayLevel: No blueprints needed recompiling
[2021.01.15-19.39.21:092][776]PIE: New page: PIE session: Level1 (15 Jan 2021 21:39:21)
[2021.01.15-19.39.21:092][776]LogPlayLevel: Creating play world package: /Game/UEDPIE_0_Level1
[2021.01.15-19.39.21:097][776]LogPlayLevel: PIE: StaticDuplicateObject took: (0.004414s)
[2021.01.15-19.39.21:098][776]LogAIModule: Creating AISystem for world Level1
[2021.01.15-19.39.21:098][776]LogPlayLevel: PIE: World Init took: (0.001550s)
[2021.01.15-19.39.21:098][776]LogPlayLevel: PIE: Created PIE world by copying editor world from /Game/Level1.Level1 to /Game/UEDPIE_0_Level1.Level1 (0.006187s)
[2021.01.15-19.39.21:134][776]LogInit: XAudio2 using 'Słuchawki HUAWEI (Realtek High Definition Audio)' : 2 channels at 48 kHz using 32 bits per sample (channel mask 0x3)
[2021.01.15-19.39.21:144][776]LogInit: FAudioDevice initialized.
[2021.01.15-19.39.21:189][776]LogLoad: Game class is 'GameModeBase'
[2021.01.15-19.39.21:192][776]LogWorld: Bringing World /Game/UEDPIE_0_Level1.Level1 up for play (max tick rate 60) at 2021.01.15-20.39.21
[2021.01.15-19.39.21:210][776]LogWorld: Bringing up level for play took: 0.019349
[2021.01.15-19.39.21:235][776]LogContentBrowser: Native class hierarchy updated for 'MovieSceneCapture' in 0.0003 seconds. Added 10 classes and 0 folders.
[2021.01.15-19.39.21:236][776]LogBlueprintUserMessages: [Level1_C_1] Welcome to the Maze!
[2021.01.15-19.39.21:237][776]PIE: Play in editor start time for /Game/UEDPIE_0_Level1 1.002
[2021.01.15-19.39.21:237][776]LogBlueprintUserMessages: Late PlayInEditor Detection: Level '/Game/Level1.Level1:PersistentLevel' has LevelScriptBlueprint '/Game/Level1.Level1:PersistentLevel.Level1' with GeneratedClass '/Game/Level1.Level1_C' with ClassGeneratedBy '/Game/Level1.Level1:PersistentLevel.Level1'
[2021.01.15-19.39.21:367][777]LogBlueprintUserMessages: [Level1_C_1] Let's see how quickly you can find the way out
[2021.01.15-19.39.38:056][772]LogBlueprintUserMessages: [Level1_C_1] You finished the maze in 17.01 seconds
[2021.01.15-19.39.39:675][869]LogBlueprintUserMessages: Early EndPlayMap Detection: Level '/Game/Level1.Level1:PersistentLevel' has LevelScriptBlueprint '/Game/Level1.Level1:PersistentLevel.Level1' with GeneratedClass '/Game/Level1.Level1_C' with ClassGeneratedBy '/Game/Level1.Level1:PersistentLevel.Level1'
[2021.01.15-19.39.39:675][869]LogSlate: Updating window title bar state: overlay mode, drag disabled, window buttons hidden, title bar hidden
[2021.01.15-19.39.39:721][869]LogPlayLevel: Display: Shutting down PIE online subsystems
[2021.01.15-19.39.39:721][869]LogBlueprintUserMessages: Late EndPlayMap Detection: Level '/Game/Level1.Level1:PersistentLevel' has LevelScriptBlueprint '/Game/Level1.Level1:PersistentLevel.Level1' with GeneratedClass '/Game/Level1.Level1_C' with ClassGeneratedBy '/Game/Level1.Level1:PersistentLevel.Level1'
[2021.01.15-19.39.39:754][869]LogSlate: Updating window title bar state: overlay mode, drag disabled, window buttons hidden, title bar hidden
[2021.01.15-19.39.39:825][870]LogPlayLevel: Display: Destroying online subsystem :Context_2
[2021.01.15-19.39.41:022][936]LogSlate: FSceneViewport::OnFocusLost() reason 0
[2021.01.15-19.39.41:122][942]LogTemp: Repeating last play command: Selected Viewport
[2021.01.15-19.39.41:144][942]LogBlueprintUserMessages: Early PlayInEditor Detection: Level '/Game/Level1.Level1:PersistentLevel' has LevelScriptBlueprint '/Game/Level1.Level1:PersistentLevel.Level1' with GeneratedClass '/Game/Level1.Level1_C' with ClassGeneratedBy '/Game/Level1.Level1:PersistentLevel.Level1'
[2021.01.15-19.39.41:144][942]LogPlayLevel: PlayLevel: No blueprints needed recompiling
[2021.01.15-19.39.41:145][942]PIE: New page: PIE session: Level1 (15 Jan 2021 21:39:41)
[2021.01.15-19.39.41:145][942]LogPlayLevel: Creating play world package: /Game/UEDPIE_0_Level1
[2021.01.15-19.39.41:149][942]LogPlayLevel: PIE: StaticDuplicateObject took: (0.004011s)
[2021.01.15-19.39.41:150][942]LogAIModule: Creating AISystem for world Level1
[2021.01.15-19.39.41:150][942]LogPlayLevel: PIE: World Init took: (0.001558s)
[2021.01.15-19.39.41:150][942]LogPlayLevel: PIE: Created PIE world by copying editor world from /Game/Level1.Level1 to /Game/UEDPIE_0_Level1.Level1 (0.005735s)
[2021.01.15-19.39.41:184][942]LogInit: XAudio2 using 'Słuchawki HUAWEI (Realtek High Definition Audio)' : 2 channels at 48 kHz using 32 bits per sample (channel mask 0x3)
[2021.01.15-19.39.41:191][942]LogInit: FAudioDevice initialized.
[2021.01.15-19.39.41:220][942]LogLoad: Game class is 'GameModeBase'
[2021.01.15-19.39.41:221][942]LogWorld: Bringing World /Game/UEDPIE_0_Level1.Level1 up for play (max tick rate 60) at 2021.01.15-20.39.41
[2021.01.15-19.39.41:221][942]LogWorld: Bringing up level for play took: 0.000903
[2021.01.15-19.39.41:234][942]LogBlueprintUserMessages: [Level1_C_1] Welcome to the Maze!
[2021.01.15-19.39.41:234][942]PIE: Play in editor start time for /Game/UEDPIE_0_Level1 1
[2021.01.15-19.39.41:234][942]LogBlueprintUserMessages: Late PlayInEditor Detection: Level '/Game/Level1.Level1:PersistentLevel' has LevelScriptBlueprint '/Game/Level1.Level1:PersistentLevel.Level1' with GeneratedClass '/Game/Level1.Level1_C' with ClassGeneratedBy '/Game/Level1.Level1:PersistentLevel.Level1'
[2021.01.15-19.39.41:318][945]LogBlueprintUserMessages: [Level1_C_1] Let's see how quickly you can find the way out
[2021.01.15-19.39.51:737][497]LogBlueprintUserMessages: Early EndPlayMap Detection: Level '/Game/Level1.Level1:PersistentLevel' has LevelScriptBlueprint '/Game/Level1.Level1:PersistentLevel.Level1' with GeneratedClass '/Game/Level1.Level1_C' with ClassGeneratedBy '/Game/Level1.Level1:PersistentLevel.Level1'
[2021.01.15-19.39.51:737][497]LogSlate: Updating window title bar state: overlay mode, drag disabled, window buttons hidden, title bar hidden
[2021.01.15-19.39.51:781][497]LogPlayLevel: Display: Shutting down PIE online subsystems
[2021.01.15-19.39.51:782][497]LogBlueprintUserMessages: Late EndPlayMap Detection: Level '/Game/Level1.Level1:PersistentLevel' has LevelScriptBlueprint '/Game/Level1.Level1:PersistentLevel.Level1' with GeneratedClass '/Game/Level1.Level1_C' with ClassGeneratedBy '/Game/Level1.Level1:PersistentLevel.Level1'
[2021.01.15-19.39.51:815][497]LogSlate: Updating window title bar state: overlay mode, drag disabled, window buttons hidden, title bar hidden
[2021.01.15-19.39.51:860][498]LogPlayLevel: Display: Destroying online subsystem :Context_3
[2021.01.15-19.39.56:278][760]BlueprintLog: New page: Compile Level1
[2021.01.15-19.39.57:012][781]Cmd: OBJ SAVEPACKAGE PACKAGE="/Game/Level1" FILE="../../../../../../Users/Felidre/Desktop/Studia/Silniki gier/TheMaze/TheMaze_PChrascina/Content/Level1.umap" SILENT=true AUTOSAVING=false KEEPDIRTY=false
[2021.01.15-19.39.57:281][781]LogSavePackage: Moving '../../../../../../Users/Felidre/Desktop/Studia/Silniki gier/TheMaze/TheMaze_PChrascina/Saved/Level1076620664672FA0C6FF84BA8C8A1E3F4.tmp' to '../../../../../../Users/Felidre/Desktop/Studia/Silniki gier/TheMaze/TheMaze_PChrascina/Content/Level1.umap'
[2021.01.15-19.39.57:321][781]LogFileHelpers: Saving map 'Level1' took 0.437
[2021.01.15-19.39.58:507][846]LogTemp: Repeating last play command: Selected Viewport
[2021.01.15-19.39.58:527][846]LogBlueprintUserMessages: Early PlayInEditor Detection: Level '/Game/Level1.Level1:PersistentLevel' has LevelScriptBlueprint '/Game/Level1.Level1:PersistentLevel.Level1' with GeneratedClass '/Game/Level1.Level1_C' with ClassGeneratedBy '/Game/Level1.Level1:PersistentLevel.Level1'
[2021.01.15-19.39.58:527][846]LogPlayLevel: PlayLevel: No blueprints needed recompiling
[2021.01.15-19.39.58:527][846]PIE: New page: PIE session: Level1 (15 Jan 2021 21:39:58)
[2021.01.15-19.39.58:527][846]LogPlayLevel: Creating play world package: /Game/UEDPIE_0_Level1
[2021.01.15-19.39.58:532][846]LogPlayLevel: PIE: StaticDuplicateObject took: (0.004877s)
[2021.01.15-19.39.58:533][846]LogAIModule: Creating AISystem for world Level1
[2021.01.15-19.39.58:533][846]LogPlayLevel: PIE: World Init took: (0.001449s)
[2021.01.15-19.39.58:533][846]LogPlayLevel: PIE: Created PIE world by copying editor world from /Game/Level1.Level1 to /Game/UEDPIE_0_Level1.Level1 (0.006523s)
[2021.01.15-19.39.58:569][846]LogInit: XAudio2 using 'Słuchawki HUAWEI (Realtek High Definition Audio)' : 2 channels at 48 kHz using 32 bits per sample (channel mask 0x3)
[2021.01.15-19.39.58:576][846]LogInit: FAudioDevice initialized.
[2021.01.15-19.39.58:609][846]LogLoad: Game class is 'GameModeBase'
[2021.01.15-19.39.58:610][846]LogWorld: Bringing World /Game/UEDPIE_0_Level1.Level1 up for play (max tick rate 60) at 2021.01.15-20.39.58
[2021.01.15-19.39.58:610][846]LogWorld: Bringing up level for play took: 0.000804
[2021.01.15-19.39.58:623][846]LogBlueprintUserMessages: [Level1_C_3] Welcome to the Maze!
[2021.01.15-19.39.58:623][846]PIE: Play in editor start time for /Game/UEDPIE_0_Level1 0.389
[2021.01.15-19.39.58:624][846]LogBlueprintUserMessages: Late PlayInEditor Detection: Level '/Game/Level1.Level1:PersistentLevel' has LevelScriptBlueprint '/Game/Level1.Level1:PersistentLevel.Level1' with GeneratedClass '/Game/Level1.Level1_C' with ClassGeneratedBy '/Game/Level1.Level1:PersistentLevel.Level1'
[2021.01.15-19.40.00:497][956]LogBlueprintUserMessages: [Level1_C_3] Let's see how quickly you can find the way out
[2021.01.15-19.40.06:645][311]LogPackageName: Error: DoesPackageExist: DoesPackageExist FAILED: 'Engine/Tutorial/Installation/InstallingVisualStudioTutorial' is not a standard unreal filename or a long path name. Reason: Path should start with a '/'
[2021.01.15-19.40.06:649][311]LogLinker: Warning: Can't find file 'Engine/Tutorial/Installation/InstallingVisualStudioTutorial'
[2021.01.15-19.40.06:649][311]LogPackageName: Error: DoesPackageExist: DoesPackageExist FAILED: 'Engine/Tutorial/Installation/InstallingVisualStudioTutorial' is not a standard unreal filename or a long path name. Reason: Path should start with a '/'
[2021.01.15-19.40.06:649][311]LogLinker: Warning: Can't find file 'Engine/Tutorial/Installation/InstallingVisualStudioTutorial'
[2021.01.15-19.40.06:649][311]LogUObjectGlobals: Warning: Failed to find object 'Blueprint Engine/Tutorial/Installation/InstallingVisualStudioTutorial.InstallingVisualStudioTutorial'
[2021.01.15-19.40.09:271][463]LogBlueprintUserMessages: Early EndPlayMap Detection: Level '/Game/Level1.Level1:PersistentLevel' has LevelScriptBlueprint '/Game/Level1.Level1:PersistentLevel.Level1' with GeneratedClass '/Game/Level1.Level1_C' with ClassGeneratedBy '/Game/Level1.Level1:PersistentLevel.Level1'
[2021.01.15-19.40.09:271][463]LogSlate: Updating window title bar state: overlay mode, drag disabled, window buttons hidden, title bar hidden
[2021.01.15-19.40.09:315][463]LogPlayLevel: Display: Shutting down PIE online subsystems
[2021.01.15-19.40.09:316][463]LogBlueprintUserMessages: Late EndPlayMap Detection: Level '/Game/Level1.Level1:PersistentLevel' has LevelScriptBlueprint '/Game/Level1.Level1:PersistentLevel.Level1' with GeneratedClass '/Game/Level1.Level1_C' with ClassGeneratedBy '/Game/Level1.Level1:PersistentLevel.Level1'
[2021.01.15-19.40.09:350][463]LogSlate: Updating window title bar state: overlay mode, drag disabled, window buttons hidden, title bar hidden
[2021.01.15-19.40.09:396][464]LogPlayLevel: Display: Destroying online subsystem :Context_4
[2021.01.15-19.40.19:019][ 39]BlueprintLog: New page: Compile Level1
[2021.01.15-19.40.19:717][ 58]Cmd: OBJ SAVEPACKAGE PACKAGE="/Game/Level1" FILE="../../../../../../Users/Felidre/Desktop/Studia/Silniki gier/TheMaze/TheMaze_PChrascina/Content/Level1.umap" SILENT=true AUTOSAVING=false KEEPDIRTY=false
[2021.01.15-19.40.19:982][ 58]LogSavePackage: Moving '../../../../../../Users/Felidre/Desktop/Studia/Silniki gier/TheMaze/TheMaze_PChrascina/Saved/Level1469FA553473B629F27C7CF87DE3A4F21.tmp' to '../../../../../../Users/Felidre/Desktop/Studia/Silniki gier/TheMaze/TheMaze_PChrascina/Content/Level1.umap'
[2021.01.15-19.40.20:020][ 58]LogFileHelpers: Saving map 'Level1' took 0.425
[2021.01.15-19.40.21:091][116]LogTemp: Repeating last play command: Selected Viewport
[2021.01.15-19.40.21:114][116]LogBlueprintUserMessages: Early PlayInEditor Detection: Level '/Game/Level1.Level1:PersistentLevel' has LevelScriptBlueprint '/Game/Level1.Level1:PersistentLevel.Level1' with GeneratedClass '/Game/Level1.Level1_C' with ClassGeneratedBy '/Game/Level1.Level1:PersistentLevel.Level1'
[2021.01.15-19.40.21:114][116]LogPlayLevel: PlayLevel: No blueprints needed recompiling
[2021.01.15-19.40.21:114][116]PIE: New page: PIE session: Level1 (15 Jan 2021 21:40:21)
[2021.01.15-19.40.21:114][116]LogPlayLevel: Creating play world package: /Game/UEDPIE_0_Level1
[2021.01.15-19.40.21:118][116]LogPlayLevel: PIE: StaticDuplicateObject took: (0.003964s)
[2021.01.15-19.40.21:119][116]LogAIModule: Creating AISystem for world Level1
[2021.01.15-19.40.21:119][116]LogPlayLevel: PIE: World Init took: (0.001288s)
[2021.01.15-19.40.21:120][116]LogPlayLevel: PIE: Created PIE world by copying editor world from /Game/Level1.Level1 to /Game/UEDPIE_0_Level1.Level1 (0.005478s)
[2021.01.15-19.40.21:152][116]LogInit: XAudio2 using 'Słuchawki HUAWEI (Realtek High Definition Audio)' : 2 channels at 48 kHz using 32 bits per sample (channel mask 0x3)
[2021.01.15-19.40.21:162][116]LogInit: FAudioDevice initialized.
[2021.01.15-19.40.21:197][116]LogLoad: Game class is 'GameModeBase'
[2021.01.15-19.40.21:198][116]LogWorld: Bringing World /Game/UEDPIE_0_Level1.Level1 up for play (max tick rate 60) at 2021.01.15-20.40.21
[2021.01.15-19.40.21:199][116]LogWorld: Bringing up level for play took: 0.000998
[2021.01.15-19.40.21:212][116]LogBlueprintUserMessages: [Level1_C_5] Welcome to the Maze!
[2021.01.15-19.40.21:212][116]PIE: Play in editor start time for /Game/UEDPIE_0_Level1 0.978
[2021.01.15-19.40.21:213][116]LogBlueprintUserMessages: Late PlayInEditor Detection: Level '/Game/Level1.Level1:PersistentLevel' has LevelScriptBlueprint '/Game/Level1.Level1:PersistentLevel.Level1' with GeneratedClass '/Game/Level1.Level1_C' with ClassGeneratedBy '/Game/Level1.Level1:PersistentLevel.Level1'
[2021.01.15-19.40.23:077][226]LogBlueprintUserMessages: [Level1_C_5] Let's see how quickly you can find the way out
[2021.01.15-19.40.25:545][374]LogBlueprintUserMessages: Early EndPlayMap Detection: Level '/Game/Level1.Level1:PersistentLevel' has LevelScriptBlueprint '/Game/Level1.Level1:PersistentLevel.Level1' with GeneratedClass '/Game/Level1.Level1_C' with ClassGeneratedBy '/Game/Level1.Level1:PersistentLevel.Level1'
[2021.01.15-19.40.25:546][374]LogSlate: Updating window title bar state: overlay mode, drag disabled, window buttons hidden, title bar hidden
[2021.01.15-19.40.25:591][374]LogPlayLevel: Display: Shutting down PIE online subsystems
[2021.01.15-19.40.25:591][374]LogBlueprintUserMessages: Late EndPlayMap Detection: Level '/Game/Level1.Level1:PersistentLevel' has LevelScriptBlueprint '/Game/Level1.Level1:PersistentLevel.Level1' with GeneratedClass '/Game/Level1.Level1_C' with ClassGeneratedBy '/Game/Level1.Level1:PersistentLevel.Level1'
[2021.01.15-19.40.25:624][374]LogSlate: Updating window title bar state: overlay mode, drag disabled, window buttons hidden, title bar hidden
[2021.01.15-19.40.25:695][375]LogPlayLevel: Display: Destroying online subsystem :Context_5
[2021.01.15-19.40.26:581][423]LogSlate: FSceneViewport::OnFocusLost() reason 0
[2021.01.15-19.40.26:656][426]Cmd: OBJ SAVEPACKAGE PACKAGE="/Game/Level1" FILE="../../../../../../Users/Felidre/Desktop/Studia/Silniki gier/TheMaze/TheMaze_PChrascina/Content/Level1.umap" SILENT=true AUTOSAVING=false KEEPDIRTY=false
[2021.01.15-19.40.26:916][426]LogSavePackage: Moving '../../../../../../Users/Felidre/Desktop/Studia/Silniki gier/TheMaze/TheMaze_PChrascina/Saved/Level1C333B60B4A89348A599001B6E114E0A7.tmp' to '../../../../../../Users/Felidre/Desktop/Studia/Silniki gier/TheMaze/TheMaze_PChrascina/Content/Level1.umap'
[2021.01.15-19.40.26:957][426]Cmd: OBJ SAVEPACKAGE PACKAGE="/Game/Level1_BuiltData" FILE="../../../../../../Users/Felidre/Desktop/Studia/Silniki gier/TheMaze/TheMaze_PChrascina/Content/Level1_BuiltData.uasset" SILENT=true
[2021.01.15-19.40.26:991][426]LogSavePackage: Moving '../../../../../../Users/Felidre/Desktop/Studia/Silniki gier/TheMaze/TheMaze_PChrascina/Saved/Level1_BuiltData4C956C5E49FBCFAE7783F6B1554BC2F7.tmp' to '../../../../../../Users/Felidre/Desktop/Studia/Silniki gier/TheMaze/TheMaze_PChrascina/Content/Level1_BuiltData.uasset'
[2021.01.15-19.40.28:440][494]LogSlate: Window 'TheMaze_PChrascina - Unreal Editor' being destroyed
[2021.01.15-19.40.28:711][495]Cmd: QUIT_EDITOR
[2021.01.15-19.40.29:826][495]LogWindowsTextInputMethodSystem: Display: IME system now deactivated.
[2021.01.15-19.40.29:838][495]LogExit: Preparing to exit.
[2021.01.15-19.40.29:972][495]LogExit: Editor shut down
[2021.01.15-19.40.29:972][495]LogExit: Transaction tracking system shut down
[2021.01.15-19.40.30:377][495]LogExit: Object subsystem successfully closed.
[2021.01.15-19.40.30:390][495]LogShaderCompilers: Display: Shaders left to compile 0
[2021.01.15-19.40.30:393][495]LogD3D11RHI: Shutdown
[2021.01.15-19.40.30:393][495]LogD3D11RHI: CleanupD3DDevice
[2021.01.15-19.40.30:395][495]LogD3D11RHI: ~FD3D11DynamicRHI
[2021.01.15-19.40.30:423][495]LogModuleManager: Shutting down and abandoning module MovieSceneCapture (616)
[2021.01.15-19.40.30:423][495]LogModuleManager: Shutting down and abandoning module Voice (614)
[2021.01.15-19.40.30:423][495]LogModuleManager: Shutting down and abandoning module BlueprintGraph (612)
[2021.01.15-19.40.30:423][495]LogModuleManager: Shutting down and abandoning module HierarchicalLODOutliner (610)
[2021.01.15-19.40.30:423][495]LogModuleManager: Shutting down and abandoning module SceneOutliner (608)
[2021.01.15-19.40.30:423][495]LogModuleManager: Shutting down and abandoning module AddContentDialog (606)
[2021.01.15-19.40.30:423][495]LogModuleManager: Shutting down and abandoning module WidgetCarousel (605)
[2021.01.15-19.40.30:423][495]LogModuleManager: Shutting down and abandoning module EditorWidgets (602)
[2021.01.15-19.40.30:423][495]LogModuleManager: Shutting down and abandoning module CollectionManager (600)
[2021.01.15-19.40.30:423][495]LogModuleManager: Shutting down and abandoning module StatsViewer (598)
[2021.01.15-19.40.30:423][495]LogModuleManager: Shutting down and abandoning module FoliageEdit (596)
[2021.01.15-19.40.30:424][495]LogModuleManager: Shutting down and abandoning module LandscapeEditor (594)
[2021.01.15-19.40.30:424][495]LogModuleManager: Shutting down and abandoning module MeshPaintMode (592)
[2021.01.15-19.40.30:424][495]LogModuleManager: Shutting down and abandoning module SceneDepthPickerMode (590)
[2021.01.15-19.40.30:424][495]LogModuleManager: Shutting down and abandoning module ActorPickerMode (588)
[2021.01.15-19.40.30:424][495]LogModuleManager: Shutting down and abandoning module GeometryMode (586)
[2021.01.15-19.40.30:424][495]LogModuleManager: Shutting down and abandoning module TextureAlignMode (584)
[2021.01.15-19.40.30:424][495]LogModuleManager: Shutting down and abandoning module BspMode (582)
[2021.01.15-19.40.30:424][495]LogModuleManager: Shutting down and abandoning module PIEPreviewDeviceProfileSelector (580)
[2021.01.15-19.40.30:424][495]LogModuleManager: Shutting down and abandoning module SequenceRecorderSections (578)
[2021.01.15-19.40.30:424][495]LogModuleManager: Shutting down and abandoning module AutomationWorker (576)
[2021.01.15-19.40.30:424][495]LogModuleManager: Shutting down and abandoning module AudioCaptureEditor (574)
[2021.01.15-19.40.30:424][495]LogModuleManager: Shutting down and abandoning module SequenceRecorder (573)
[2021.01.15-19.40.30:424][495]LogModuleManager: Shutting down and abandoning module MatineeToLevelSequence (570)
[2021.01.15-19.40.30:424][495]LogModuleManager: Shutting down and abandoning module LevelSequenceEditor (568)
[2021.01.15-19.40.30:424][495]LogModuleManager: Shutting down and abandoning module PlacementMode (567)
[2021.01.15-19.40.30:424][495]LogModuleManager: Shutting down and abandoning module MaterialEditor (566)
[2021.01.15-19.40.30:424][495]LogModuleManager: Shutting down and abandoning module WmfMediaFactory (562)
[2021.01.15-19.40.30:424][495]LogModuleManager: Shutting down and abandoning module WmfMediaEditor (560)
[2021.01.15-19.40.30:424][495]LogModuleManager: Shutting down and abandoning module MediaPlayerEditor (558)
[2021.01.15-19.40.30:424][495]LogModuleManager: Shutting down and abandoning module OpenExrWrapper (556)
[2021.01.15-19.40.30:424][495]LogModuleManager: Shutting down and abandoning module ImgMediaFactory (554)
[2021.01.15-19.40.30:424][495]LogModuleManager: Shutting down and abandoning module ImgMediaEditor (552)
[2021.01.15-19.40.30:424][495]LogModuleManager: Shutting down and abandoning module AvfMediaFactory (550)
[2021.01.15-19.40.30:424][495]LogModuleManager: Shutting down and abandoning module AvfMediaEditor (548)
[2021.01.15-19.40.30:424][495]LogModuleManager: Shutting down and abandoning module AndroidMediaFactory (546)
[2021.01.15-19.40.30:424][495]LogModuleManager: Shutting down and abandoning module AndroidMediaEditor (544)
[2021.01.15-19.40.30:425][495]LogModuleManager: Shutting down and abandoning module MagicLeapCameraPreviewFactory (542)
[2021.01.15-19.40.30:425][495]LogModuleManager: Shutting down and abandoning module MagicLeapMediaFactory (540)
[2021.01.15-19.40.30:425][495]LogModuleManager: Shutting down and abandoning module MagicLeapMediaEditor (538)
[2021.01.15-19.40.30:425][495]LogModuleManager: Shutting down and abandoning module CharacterAI (536)
[2021.01.15-19.40.30:425][495]LogModuleManager: Shutting down and abandoning module SmartSnapping (534)
[2021.01.15-19.40.30:425][495]LogModuleManager: Shutting down and abandoning module SessionServices (532)
[2021.01.15-19.40.30:425][495]LogModuleManager: Shutting down and abandoning module ViewportSnapping (530)
[2021.01.15-19.40.30:425][495]LogModuleManager: Shutting down and abandoning module ViewportInteraction (528)
[2021.01.15-19.40.30:425][495]LogModuleManager: Shutting down and abandoning module ClothPainter (526)
[2021.01.15-19.40.30:425][495]LogModuleManager: Shutting down and abandoning module SkeletalMeshEditor (525)
[2021.01.15-19.40.30:425][495]LogModuleManager: Shutting down and abandoning module LogVisualizer (522)
[2021.01.15-19.40.30:425][495]LogModuleManager: Shutting down and abandoning module IntroTutorials (520)
[2021.01.15-19.40.30:425][495]LogModuleManager: Shutting down and abandoning module GameProjectGeneration (519)
[2021.01.15-19.40.30:425][495]LogModuleManager: Shutting down and abandoning module LuminPlatformEditor (516)
[2021.01.15-19.40.30:425][495]LogModuleManager: Shutting down and abandoning module IOSPlatformEditor (514)
[2021.01.15-19.40.30:425][495]LogModuleManager: Shutting down and abandoning module HTML5PlatformEditor (512)
[2021.01.15-19.40.30:425][495]LogModuleManager: Shutting down and abandoning module AndroidPlatformEditor (510)
[2021.01.15-19.40.30:425][495]LogModuleManager: Shutting down and abandoning module AndroidDeviceDetection (509)
[2021.01.15-19.40.30:533][495]LogModuleManager: Shutting down and abandoning module WindowsPlatformEditor (506)
[2021.01.15-19.40.30:533][495]LogModuleManager: Shutting down and abandoning module LuminRuntimeSettings (504)
[2021.01.15-19.40.30:533][495]LogModuleManager: Shutting down and abandoning module IOSRuntimeSettings (502)
[2021.01.15-19.40.30:533][495]LogModuleManager: Shutting down and abandoning module AndroidRuntimeSettings (500)
[2021.01.15-19.40.30:533][495]LogModuleManager: Shutting down and abandoning module InputBindingEditor (498)
[2021.01.15-19.40.30:533][495]LogModuleManager: Shutting down and abandoning module MergeActors (496)
[2021.01.15-19.40.30:533][495]LogModuleManager: Shutting down and abandoning module LocalizationDashboard (494)
[2021.01.15-19.40.30:533][495]LogModuleManager: Shutting down and abandoning module LocalizationService (493)
[2021.01.15-19.40.30:534][495]LogModuleManager: Shutting down and abandoning module HardwareTargeting (490)
[2021.01.15-19.40.30:534][495]LogModuleManager: Shutting down and abandoning module DeviceProfileEditor (488)
[2021.01.15-19.40.30:534][495]LogModuleManager: Shutting down and abandoning module UndoHistory (486)
[2021.01.15-19.40.30:534][495]LogModuleManager: Shutting down and abandoning module XmlParser (484)
[2021.01.15-19.40.30:534][495]LogModuleManager: Shutting down and abandoning module Blutility (482)
[2021.01.15-19.40.30:534][495]LogModuleManager: Shutting down and abandoning module ProjectSettingsViewer (480)
[2021.01.15-19.40.30:534][495]LogModuleManager: Shutting down and abandoning module ProjectTargetPlatformEditor (479)
[2021.01.15-19.40.30:534][495]LogModuleManager: Shutting down and abandoning module EditorSettingsViewer (476)
[2021.01.15-19.40.30:534][495]LogModuleManager: Shutting down and abandoning module SettingsEditor (474)
[2021.01.15-19.40.30:534][495]LogModuleManager: Shutting down and abandoning module ProjectLauncher (472)
[2021.01.15-19.40.30:534][495]LogModuleManager: Shutting down and abandoning module SessionFrontend (470)
[2021.01.15-19.40.30:534][495]LogModuleManager: Shutting down and abandoning module ProfilerClient (468)
[2021.01.15-19.40.30:534][495]LogModuleManager: Shutting down and abandoning module DeviceManager (466)
[2021.01.15-19.40.30:534][495]LogModuleManager: Shutting down and abandoning module TargetDeviceServices (465)
[2021.01.15-19.40.30:590][495]LogModuleManager: Shutting down and abandoning module AutomationController (462)
[2021.01.15-19.40.30:590][495]LogModuleManager: Shutting down and abandoning module AutomationWindow (460)
[2021.01.15-19.40.30:590][495]LogModuleManager: Shutting down and abandoning module Layers (458)
[2021.01.15-19.40.30:590][495]LogModuleManager: Shutting down and abandoning module ComponentVisualizers (456)
[2021.01.15-19.40.30:590][495]LogModuleManager: Shutting down and abandoning module DetailCustomizations (454)
[2021.01.15-19.40.30:590][495]LogModuleManager: Shutting down and abandoning module PackagesDialog (452)
[2021.01.15-19.40.30:590][495]LogModuleManager: Shutting down and abandoning module Persona (450)
[2021.01.15-19.40.30:590][495]LogModuleManager: Shutting down and abandoning module AdvancedPreviewScene (449)
[2021.01.15-19.40.30:590][495]LogModuleManager: Shutting down and abandoning module AnimGraph (447)
[2021.01.15-19.40.30:590][495]LogModuleManager: Shutting down and abandoning module Kismet (444)
[2021.01.15-19.40.30:596][495]LogModuleManager: Shutting down and abandoning module GraphEditor (442)
[2021.01.15-19.40.30:596][495]LogModuleManager: Shutting down and abandoning module ClassViewer (440)
[2021.01.15-19.40.30:596][495]LogModuleManager: Shutting down and abandoning module Toolbox (438)
[2021.01.15-19.40.30:596][495]LogModuleManager: Shutting down and abandoning module ModuleUI (436)
[2021.01.15-19.40.30:596][495]LogModuleManager: Shutting down and abandoning module MovieSceneTools (434)
[2021.01.15-19.40.30:596][495]LogModuleManager: Shutting down and abandoning module OutputLog (432)
[2021.01.15-19.40.30:596][495]LogModuleManager: Shutting down and abandoning module GammaUI (430)
[2021.01.15-19.40.30:596][495]LogModuleManager: Shutting down and abandoning module Documentation (428)
[2021.01.15-19.40.30:596][495]LogModuleManager: Shutting down and abandoning module MovieSceneTracks (426)
[2021.01.15-19.40.30:597][495]LogModuleManager: Shutting down and abandoning module MovieScene (424)
[2021.01.15-19.40.30:597][495]LogModuleManager: Shutting down and abandoning module StreamingPauseRendering (422)
[2021.01.15-19.40.30:597][495]LogModuleManager: Shutting down and abandoning module LauncherPlatform (420)
[2021.01.15-19.40.30:597][495]LogModuleManager: Shutting down and abandoning module AnalyticsET (418)
[2021.01.15-19.40.30:597][495]LogModuleManager: Shutting down and abandoning module PortalServices (416)
[2021.01.15-19.40.30:597][495]LogModuleManager: Shutting down and abandoning module PortalRpc (414)
[2021.01.15-19.40.30:597][495]LogModuleManager: Shutting down and abandoning module MessagingRpc (412)
[2021.01.15-19.40.30:597][495]LogModuleManager: Shutting down and abandoning module AIModule (410)
[2021.01.15-19.40.30:597][495]LogModuleManager: Shutting down and abandoning module GameplayDebugger (409)
[2021.01.15-19.40.30:597][495]LogModuleManager: Shutting down and abandoning module AITestSuite (407)
[2021.01.15-19.40.30:597][495]LogModuleManager: Shutting down and abandoning module NavigationSystem (405)
[2021.01.15-19.40.30:597][495]LogModuleManager: Shutting down and abandoning module DesktopPlatform (402)
[2021.01.15-19.40.30:597][495]LogModuleManager: Shutting down and abandoning module ProfilerService (400)
[2021.01.15-19.40.30:665][495]LogModuleManager: Shutting down and abandoning module TaskGraph (398)
[2021.01.15-19.40.30:665][495]LogModuleManager: Shutting down and abandoning module SteamVRController (396)
[2021.01.15-19.40.30:665][495]LogModuleManager: Shutting down and abandoning module ProceduralMeshComponentEditor (394)
[2021.01.15-19.40.30:665][495]LogModuleManager: Shutting down and abandoning module ProceduralMeshComponent (392)
[2021.01.15-19.40.30:665][495]LogModuleManager: Shutting down and abandoning module OculusInput (390)
[2021.01.15-19.40.30:665][495]LogModuleManager: Shutting down and abandoning module MobilePatchingUtils (388)
[2021.01.15-19.40.30:665][495]LogModuleManager: Shutting down and abandoning module EditableMesh (386)
[2021.01.15-19.40.30:665][495]LogModuleManager: Shutting down and abandoning module CustomMeshComponent (384)
[2021.01.15-19.40.30:666][495]LogModuleManager: Shutting down and abandoning module CableComponent (382)
[2021.01.15-19.40.30:666][495]LogModuleManager: Shutting down and abandoning module AudioCapture (380)
[2021.01.15-19.40.30:666][495]LogModuleManager: Shutting down and abandoning module ArchVisCharacter (378)
[2021.01.15-19.40.30:666][495]LogModuleManager: Shutting down and abandoning module AndroidPermission (376)
[2021.01.15-19.40.30:666][495]LogModuleManager: Shutting down and abandoning module NUTUnrealEngine4 (374)
[2021.01.15-19.40.30:666][495]LogModuleManager: Shutting down and abandoning module NetcodeUnitTest (372)
[2021.01.15-19.40.30:666][495]LogModuleManager: Shutting down and abandoning module MediaCompositingEditor (370)
[2021.01.15-19.40.30:666][495]LogModuleManager: Shutting down and abandoning module MediaCompositing (368)
[2021.01.15-19.40.30:666][495]LogModuleManager: Shutting down and abandoning module LinearTimecode (366)
[2021.01.15-19.40.30:666][495]LogModuleManager: Shutting down and abandoning module ImgMedia (364)
[2021.01.15-19.40.30:680][495]LogModuleManager: Shutting down and abandoning module HTML5Networking (362)
[2021.01.15-19.40.30:680][495]LogModuleManager: Shutting down and abandoning module GeometryCacheTracks (360)
[2021.01.15-19.40.30:680][495]LogModuleManager: Shutting down and abandoning module GeometryCacheSequencer (358)
[2021.01.15-19.40.30:680][495]LogModuleManager: Shutting down and abandoning module BackChannel (356)
[2021.01.15-19.40.30:680][495]LogModuleManager: Shutting down and abandoning module AppleVision (354)
[2021.01.15-19.40.30:680][495]LogModuleManager: Shutting down and abandoning module AppleImageUtils (352)
[2021.01.15-19.40.30:680][495]LogModuleManager: Shutting down and abandoning module AlembicImporter (350)
[2021.01.15-19.40.30:680][495]LogModuleManager: Shutting down and abandoning module AlembicLibrary (349)
[2021.01.15-19.40.30:680][495]LogModuleManager: Shutting down and abandoning module GeometryCache (348)
[2021.01.15-19.40.30:680][495]LogModuleManager: Shutting down and abandoning module GeometryCacheEd (347)
[2021.01.15-19.40.30:680][495]LogModuleManager: Shutting down and abandoning module DatasmithContentEditor (342)
[2021.01.15-19.40.30:680][495]LogModuleManager: Shutting down and abandoning module DatasmithContent (340)
[2021.01.15-19.40.30:681][495]LogModuleManager: Shutting down and abandoning module SpeedTreeImporter (338)
[2021.01.15-19.40.30:681][495]LogModuleManager: Shutting down and abandoning module PluginBrowser (336)
[2021.01.15-19.40.30:681][495]LogModuleManager: Shutting down and abandoning module MobileLauncherProfileWizard (334)
[2021.01.15-19.40.30:681][495]LogModuleManager: Shutting down and abandoning module PolygonModeling (332)
[2021.01.15-19.40.30:681][495]LogModuleManager: Shutting down and abandoning module MeshEditor (330)
[2021.01.15-19.40.30:681][495]LogModuleManager: Shutting down and abandoning module CryptoKeysOpenSSL (328)
[2021.01.15-19.40.30:681][495]LogModuleManager: Shutting down and abandoning module CryptoKeys (326)
[2021.01.15-19.40.30:681][495]LogModuleManager: Shutting down and abandoning module VisualStudioSourceCodeAccess (324)
[2021.01.15-19.40.30:681][495]LogModuleManager: Shutting down and abandoning module VisualStudioCodeSourceCodeAccess (322)
[2021.01.15-19.40.30:681][495]LogModuleManager: Shutting down and abandoning module UObjectPlugin (320)
[2021.01.15-19.40.30:681][495]LogModuleManager: Shutting down and abandoning module SubversionSourceControl (318)
[2021.01.15-19.40.30:681][495]LogModuleManager: Shutting down and abandoning module PerforceSourceControl (316)
[2021.01.15-19.40.30:681][495]LogModuleManager: Shutting down and abandoning module GitSourceControl (314)
[2021.01.15-19.40.30:681][495]LogModuleManager: Shutting down and abandoning module SourceControl (313)
[2021.01.15-19.40.30:681][495]LogModuleManager: Shutting down and abandoning module CLionSourceCodeAccess (310)
[2021.01.15-19.40.30:681][495]LogModuleManager: Shutting down and abandoning module LightPropagationVolumeEditor (308)
[2021.01.15-19.40.30:681][495]LogModuleManager: Shutting down and abandoning module PaperTiledImporter (306)
[2021.01.15-19.40.30:682][495]LogModuleManager: Shutting down and abandoning module PaperSpriteSheetImporter (304)
[2021.01.15-19.40.30:682][495]LogModuleManager: Shutting down and abandoning module Paper2DEditor (302)
[2021.01.15-19.40.30:682][495]LogModuleManager: Shutting down and abandoning module MeshPaint (301)
[2021.01.15-19.40.30:682][495]LogModuleManager: Shutting down and abandoning module RuntimePhysXCooking (298)
[2021.01.15-19.40.30:682][495]LogModuleManager: Shutting down and abandoning module PhysXVehiclesEditor (296)
[2021.01.15-19.40.30:682][495]LogModuleManager: Shutting down and abandoning module PhysXVehicles (294)
[2021.01.15-19.40.30:682][495]LogModuleManager: Shutting down and abandoning module OculusEditor (292)
[2021.01.15-19.40.30:682][495]LogModuleManager: Shutting down and abandoning module LocationServicesBPLibrary (290)
[2021.01.15-19.40.30:682][495]LogModuleManager: Shutting down and abandoning module ImmediatePhysicsEditor (288)
[2021.01.15-19.40.30:682][495]LogModuleManager: Shutting down and abandoning module ImmediatePhysics (286)
[2021.01.15-19.40.30:682][495]LogModuleManager: Shutting down and abandoning module ActorSequence (284)
[2021.01.15-19.40.30:682][495]LogModuleManager: Shutting down and abandoning module UdpMessaging (282)
[2021.01.15-19.40.30:783][495]LogModuleManager: Shutting down and abandoning module TcpMessaging (280)
[2021.01.15-19.40.30:916][495]LogModuleManager: Shutting down and abandoning module MagicLeapAudio (278)
[2021.01.15-19.40.30:917][495]LogModuleManager: Shutting down and abandoning module GameplayTagsEditor (276)
[2021.01.15-19.40.30:917][495]LogModuleManager: Shutting down and abandoning module FacialAnimationEditor (274)
[2021.01.15-19.40.30:917][495]LogModuleManager: Shutting down and abandoning module FacialAnimation (272)
[2021.01.15-19.40.30:917][495]LogModuleManager: Shutting down and abandoning module DataValidation (270)
[2021.01.15-19.40.30:917][495]LogModuleManager: Shutting down and abandoning module AssetManagerEditor (268)
[2021.01.15-19.40.30:917][495]LogModuleManager: Shutting down and abandoning module LevelEditor (267)
[2021.01.15-19.40.30:921][495]LogModuleManager: Shutting down and abandoning module PixelInspectorModule (266)
[2021.01.15-19.40.30:921][495]LogModuleManager: Shutting down and abandoning module CommonMenuExtensions (264)
[2021.01.15-19.40.30:921][495]LogModuleManager: Shutting down and abandoning module MainFrame (262)
[2021.01.15-19.40.30:922][495]LogModuleManager: Shutting down and abandoning module HotReload (261)
[2021.01.15-19.40.30:924][495]LogModuleManager: Shutting down and abandoning module ContentBrowser (257)
[2021.01.15-19.40.30:925][495]LogModuleManager: Shutting down and abandoning module TreeMap (255)
[2021.01.15-19.40.30:926][495]LogModuleManager: Shutting down and abandoning module LightPropagationVolumeRuntime (252)
[2021.01.15-19.40.30:926][495]LogModuleManager: Shutting down and abandoning module AISupportModule (250)
[2021.01.15-19.40.30:926][495]LogModuleManager: Shutting down and abandoning module Paper2D (248)
[2021.01.15-19.40.30:926][495]LogModuleManager: Shutting down and abandoning module WindowsMoviePlayer (246)
[2021.01.15-19.40.30:926][495]LogModuleManager: Shutting down and abandoning module WmfMedia (244)
[2021.01.15-19.40.30:927][495]LogModuleManager: Shutting down and abandoning module Media (243)
[2021.01.15-19.40.30:933][495]LogModuleManager: Shutting down and abandoning module PacketHandler (240)
[2021.01.15-19.40.30:933][495]LogModuleManager: Shutting down and abandoning module ClothingSystemEditor (238)
[2021.01.15-19.40.30:933][495]LogModuleManager: Shutting down and abandoning module ClothingSystemRuntime (236)
[2021.01.15-19.40.30:933][495]LogModuleManager: Shutting down and abandoning module MediaAssets (234)
[2021.01.15-19.40.30:933][495]LogModuleManager: Shutting down and abandoning module Overlay (232)
[2021.01.15-19.40.30:933][495]LogModuleManager: Shutting down and abandoning module OverlayEditor (231)
[2021.01.15-19.40.30:933][495]LogModuleManager: Shutting down and abandoning module VREditor (228)
[2021.01.15-19.40.30:933][495]LogModuleManager: Shutting down and abandoning module StringTableEditor (226)
[2021.01.15-19.40.30:934][495]LogModuleManager: Shutting down and abandoning module GameplayTasksEditor (224)
[2021.01.15-19.40.30:934][495]LogModuleManager: Shutting down and abandoning module BehaviorTreeEditor (222)
[2021.01.15-19.40.30:934][495]LogModuleManager: Shutting down and abandoning module FunctionalTesting (220)
[2021.01.15-19.40.30:934][495]LogModuleManager: Shutting down and abandoning module CollisionAnalyzer (218)
[2021.01.15-19.40.30:934][495]LogModuleManager: Shutting down and abandoning module WorkspaceMenuStructure (217)
[2021.01.15-19.40.30:934][495]LogModuleManager: Shutting down and abandoning module UMG (214)
[2021.01.15-19.40.30:934][495]LogModuleManager: Shutting down and abandoning module UMGEditor (213)
[2021.01.15-19.40.30:934][495]LogModuleManager: Shutting down and abandoning module Sequencer (212)
[2021.01.15-19.40.30:937][495]LogModuleManager: Shutting down and abandoning module MessageLog (209)
[2021.01.15-19.40.30:937][495]LogModuleManager: Shutting down and abandoning module SlateReflector (204)
[2021.01.15-19.40.30:937][495]LogModuleManager: Shutting down and abandoning module Slate (202)
[2021.01.15-19.40.30:937][495]LogModuleManager: Shutting down and abandoning module EditorStyle (200)
[2021.01.15-19.40.30:940][495]LogModuleManager: Shutting down and abandoning module MRMesh (198)
[2021.01.15-19.40.30:940][495]LogModuleManager: Shutting down and abandoning module SourceCodeAccess (196)
[2021.01.15-19.40.30:940][495]LogModuleManager: Shutting down and abandoning module HeadMountedDisplay (194)
[2021.01.15-19.40.30:940][495]LogModuleManager: Shutting down and abandoning module XAudio2 (192)
[2021.01.15-19.40.30:941][495]LogModuleManager: Shutting down and abandoning module Networking (190)
[2021.01.15-19.40.30:941][495]LogModuleManager: Shutting down and abandoning module Core (188)
[2021.01.15-19.40.30:941][495]LogModuleManager: Shutting down and abandoning module LevelSequence (186)
[2021.01.15-19.40.30:941][495]LogModuleManager: Shutting down and abandoning module KismetCompiler (184)
[2021.01.15-19.40.30:941][495]LogModuleManager: Shutting down and abandoning module MeshUtilities (182)
[2021.01.15-19.40.30:941][495]LogModuleManager: Shutting down and abandoning module MeshMergeUtilities (181)
[2021.01.15-19.40.30:941][495]LogModuleManager: Shutting down and abandoning module MeshReductionInterface (180)
[2021.01.15-19.40.30:941][495]LogModuleManager: Shutting down and abandoning module SimplygonSwarm (179)
[2021.01.15-19.40.30:941][495]LogModuleManager: Shutting down and abandoning module ProxyLODMeshReduction (177)
[2021.01.15-19.40.30:941][495]LogModuleManager: Shutting down and abandoning module SimplygonMeshReduction (175)
[2021.01.15-19.40.30:941][495]LogModuleManager: Shutting down and abandoning module QuadricMeshReduction (173)
[2021.01.15-19.40.30:941][495]LogModuleManager: Shutting down and abandoning module MaterialBaking (169)
[2021.01.15-19.40.30:941][495]LogModuleManager: Shutting down and abandoning module DirectoryWatcher (165)
[2021.01.15-19.40.30:941][495]LogModuleManager: Shutting down and abandoning module DerivedDataCache (162)
[2021.01.15-19.40.31:038][495]LogDerivedDataCache: Shutdown
[2021.01.15-19.40.31:038][495]LogModuleManager: Shutting down and abandoning module XGEController (160)
[2021.01.15-19.40.31:038][495]LogXGEController: Cleaning working directory: C:/Users/Felidre/AppData/Local/Temp/UnrealXGEWorkingDir/
[2021.01.15-19.40.31:038][495]LogModuleManager: Shutting down and abandoning module TargetPlatform (158)
[2021.01.15-19.40.31:038][495]LogModuleManager: Shutting down and abandoning module VulkanShaderFormat (157)
[2021.01.15-19.40.31:038][495]LogModuleManager: Shutting down and abandoning module ShaderFormatVectorVM (155)
[2021.01.15-19.40.31:038][495]LogModuleManager: Shutting down and abandoning module ShaderFormatOpenGL (153)
[2021.01.15-19.40.31:038][495]LogModuleManager: Shutting down and abandoning module ShaderFormatD3D (151)
[2021.01.15-19.40.31:038][495]LogModuleManager: Shutting down and abandoning module MetalShaderFormat (149)
[2021.01.15-19.40.31:038][495]LogModuleManager: Shutting down and abandoning module TextureFormatUncompressed (147)
[2021.01.15-19.40.31:039][495]LogModuleManager: Shutting down and abandoning module TextureFormatPVR (145)
[2021.01.15-19.40.31:039][495]LogModuleManager: Shutting down and abandoning module TextureFormatDXT (143)
[2021.01.15-19.40.31:039][495]LogModuleManager: Shutting down and abandoning module TextureFormatIntelISPCTexComp (141)
[2021.01.15-19.40.31:039][495]LogModuleManager: Shutting down and abandoning module TextureFormatASTC (139)
[2021.01.15-19.40.31:039][495]LogModuleManager: Shutting down and abandoning module ImageWrapper (138)
[2021.01.15-19.40.31:039][495]LogModuleManager: Shutting down and abandoning module TextureFormatAndroid (135)
[2021.01.15-19.40.31:039][495]LogModuleManager: Shutting down and abandoning module AudioFormatOpus (133)
[2021.01.15-19.40.31:039][495]LogModuleManager: Shutting down and abandoning module AudioFormatOgg (131)
[2021.01.15-19.40.31:039][495]LogModuleManager: Shutting down and abandoning module AudioFormatADPCM (129)
[2021.01.15-19.40.31:039][495]LogModuleManager: Shutting down and abandoning module LuminTargetPlatform (127)
[2021.01.15-19.40.31:039][495]LogModuleManager: Shutting down and abandoning module LinuxTargetPlatform (125)
[2021.01.15-19.40.31:039][495]LogModuleManager: Shutting down and abandoning module LinuxServerTargetPlatform (123)
[2021.01.15-19.40.31:039][495]LogModuleManager: Shutting down and abandoning module LinuxNoEditorTargetPlatform (121)
[2021.01.15-19.40.31:039][495]LogModuleManager: Shutting down and abandoning module LinuxClientTargetPlatform (119)
[2021.01.15-19.40.31:039][495]LogModuleManager: Shutting down and abandoning module TVOSTargetPlatform (117)
[2021.01.15-19.40.31:040][495]LogModuleManager: Shutting down and abandoning module Messaging (115)
[2021.01.15-19.40.31:040][495]LogModuleManager: Shutting down and abandoning module IOSTargetPlatform (113)
[2021.01.15-19.40.31:040][495]LogModuleManager: Shutting down and abandoning module HTML5TargetPlatform (111)
[2021.01.15-19.40.31:041][495]LogModuleManager: Shutting down and abandoning module AndroidTargetPlatform (109)
[2021.01.15-19.40.31:047][495]LogModuleManager: Shutting down and abandoning module WindowsTargetPlatform (107)
[2021.01.15-19.40.31:048][495]LogModuleManager: Shutting down and abandoning module WindowsServerTargetPlatform (105)
[2021.01.15-19.40.31:048][495]LogModuleManager: Shutting down and abandoning module WindowsNoEditorTargetPlatform (103)
[2021.01.15-19.40.31:048][495]LogModuleManager: Shutting down and abandoning module WindowsClientTargetPlatform (101)
[2021.01.15-19.40.31:048][495]LogModuleManager: Shutting down and abandoning module MacTargetPlatform (99)
[2021.01.15-19.40.31:048][495]LogModuleManager: Shutting down and abandoning module MacServerTargetPlatform (97)
[2021.01.15-19.40.31:048][495]LogModuleManager: Shutting down and abandoning module MacNoEditorTargetPlatform (95)
[2021.01.15-19.40.31:048][495]LogModuleManager: Shutting down and abandoning module MacClientTargetPlatform (93)
[2021.01.15-19.40.31:048][495]LogModuleManager: Shutting down and abandoning module AllDesktopTargetPlatform (91)
[2021.01.15-19.40.31:048][495]LogModuleManager: Shutting down and abandoning module InputCore (88)
[2021.01.15-19.40.31:048][495]LogModuleManager: Shutting down and abandoning module Settings (86)
[2021.01.15-19.40.31:048][495]LogModuleManager: Shutting down and abandoning module PhysXCooking (84)
[2021.01.15-19.40.31:048][495]LogModuleManager: Shutting down and abandoning module SteamVR (82)
[2021.01.15-19.40.31:048][495]LogModuleManager: Shutting down and abandoning module OculusHMD (80)
[2021.01.15-19.40.31:048][495]LogModuleManager: Shutting down and abandoning module ExampleDeviceProfileSelector (78)
[2021.01.15-19.40.31:048][495]LogModuleManager: Shutting down and abandoning module LauncherChunkInstaller (76)
[2021.01.15-19.40.31:048][495]LogModuleManager: Shutting down and abandoning module OnlineBlueprintSupport (74)
[2021.01.15-19.40.31:048][495]LogModuleManager: Shutting down and abandoning module OnlineSubsystem (70)
[2021.01.15-19.40.31:049][495]LogModuleManager: Shutting down and abandoning module XMPP (65)
[2021.01.15-19.40.31:049][495]LogModuleManager: Shutting down and abandoning module WebSockets (64)
[2021.01.15-19.40.31:064][495]LogModuleManager: Shutting down and abandoning module HTTP (61)
[2021.01.15-19.40.31:064][495]LogHttp: Display: Http module shutting down, but needs to wait on 1 outstanding Http requests:
[2021.01.15-19.40.31:064][495]LogHttp: Display: 	verb=[POST] url=[https://datarouter.ol.epicgames.com/datarouter/api/v1/public/data?SessionID=%7B269C7EED-4C2D-C727-DBAA-1881DD4D72EB%7D&AppID=UEEditor.Rocket.Release&AppVersion=4.20.3-4369336%2B%2B%2BUE4%2BRelease-4.20&UserID=46c5cdc049f66afa3045a4a5c1b88412%7C3d816f00dd494cedb2b85bce78c9e1b8%7Cc56451cf-7b1b-473b-b9eb-482066e06d07&AppEnvironment=datacollector-binary&UploadType=eteventstream] status=Processing
[2021.01.15-19.40.31:097][495]LogModuleManager: Shutting down and abandoning module SSL (60)
[2021.01.15-19.40.31:098][495]LogModuleManager: Shutting down and abandoning module MagicLeapEmulator (56)
[2021.01.15-19.40.31:098][495]LogModuleManager: Shutting down and abandoning module MagicLeapPrivileges (54)
[2021.01.15-19.40.31:098][495]LogModuleManager: Shutting down and abandoning module MagicLeapIdentity (52)
[2021.01.15-19.40.31:098][495]LogModuleManager: Shutting down and abandoning module MagicLeapHelperVulkan (50)
[2021.01.15-19.40.31:098][495]LogModuleManager: Shutting down and abandoning module MagicLeapHelperOpenGL (48)
[2021.01.15-19.40.31:098][495]LogModuleManager: Shutting down and abandoning module MagicLeapSecureStorage (46)
[2021.01.15-19.40.31:098][495]LogModuleManager: Shutting down and abandoning module MagicLeapGestures (44)
[2021.01.15-19.40.31:098][495]LogModuleManager: Shutting down and abandoning module MagicLeapEyeTracker (42)
[2021.01.15-19.40.31:098][495]LogModuleManager: Shutting down and abandoning module MagicLeapController (40)
[2021.01.15-19.40.31:098][495]LogSlate: Slate User Destroyed.  User Index 0, Is Virtual User: 0
[2021.01.15-19.40.31:098][495]LogModuleManager: Shutting down and abandoning module MagicLeap (38)
[2021.01.15-19.40.31:099][495]LogModuleManager: Shutting down and abandoning module AnimationModifiers (36)
[2021.01.15-19.40.31:099][495]LogModuleManager: Shutting down and abandoning module PropertyEditor (35)
[2021.01.15-19.40.31:099][495]LogModuleManager: Shutting down and abandoning module AudioEditor (32)
[2021.01.15-19.40.31:099][495]LogModuleManager: Shutting down and abandoning module TextureCompressor (30)
[2021.01.15-19.40.31:099][495]LogModuleManager: Shutting down and abandoning module ShaderCore (28)
[2021.01.15-19.40.31:099][495]LogModuleManager: Shutting down and abandoning module Landscape (26)
[2021.01.15-19.40.31:099][495]LogModuleManager: Shutting down and abandoning module SlateRHIRenderer (24)
[2021.01.15-19.40.31:100][495]LogModuleManager: Shutting down and abandoning module OpenGLDrv (22)
[2021.01.15-19.40.31:100][495]LogModuleManager: Shutting down and abandoning module D3D11RHI (20)
[2021.01.15-19.40.31:100][495]LogModuleManager: Shutting down and abandoning module AnimGraphRuntime (18)
[2021.01.15-19.40.31:100][495]LogModuleManager: Shutting down and abandoning module Renderer (16)
[2021.01.15-19.40.31:100][495]LogModuleManager: Shutting down and abandoning module Engine (14)
[2021.01.15-19.40.31:100][495]LogModuleManager: Shutting down and abandoning module CoreUObject (12)
[2021.01.15-19.40.31:100][495]LogModuleManager: Shutting down and abandoning module NetworkFile (10)
[2021.01.15-19.40.31:100][495]LogModuleManager: Shutting down and abandoning module CookedIterativeFile (8)
[2021.01.15-19.40.31:100][495]LogModuleManager: Shutting down and abandoning module StreamingFile (6)
[2021.01.15-19.40.31:100][495]LogModuleManager: Shutting down and abandoning module SandboxFile (4)
[2021.01.15-19.40.31:100][495]LogModuleManager: Shutting down and abandoning module PakFile (2)
[2021.01.15-19.40.31:110][495]LogExit: Exiting.
[2021.01.15-19.40.31:123][495]Log file closed, 01/15/21 20:40:31
