Log file open, 01/14/21 17:44:22
LogWindows: Failed to load 'aqProf.dll' (GetLastError=126)
LogWindows: File 'aqProf.dll' does not exist
LogWindows: Failed to load 'VSPerf140.dll' (GetLastError=126)
LogWindows: File 'VSPerf140.dll' does not exist
LogWindows: Failed to load 'VtuneApi.dll' (GetLastError=126)
LogWindows: File 'VtuneApi.dll' does not exist
LogWindows: Failed to load 'VtuneApi32e.dll' (GetLastError=126)
LogWindows: File 'VtuneApi32e.dll' does not exist
LogInit: Display: Running engine for game: TheMaze_PChrascina
LogPlatformFile: Not using cached read wrapper
LogTaskGraph: Started task graph with 5 named threads and 14 total threads with 3 sets of task threads.
LogStats: Stats thread started at 0.248550
LogD3D11RHI: Loaded GFSDK_Aftermath_Lib.x64.dll
LogICUInternationalization: Display: ICU TimeZone Detection - Raw Offset: +1:00, Platform Override: ''
LogConfig: Warning: Failed to saved backup for config[Engine]
LogConfig: Warning: Failed to saved backup for config[Editor]
LogConfig: Warning: Failed to saved backup for config[Compat]
LogConfig: Warning: Failed to saved backup for config[Scalability]
LogConfig: Warning: Failed to saved backup for config[Hardware]
LogPluginManager: Mounting plugin Paper2D
LogPluginManager: Mounting plugin AISupport
LogPluginManager: Mounting plugin LightPropagationVolume
LogPluginManager: Mounting plugin CLionSourceCodeAccess
LogPluginManager: Mounting plugin CodeLiteSourceCodeAccess
LogPluginManager: Mounting plugin GitSourceControl
LogPluginManager: Mounting plugin KDevelopSourceCodeAccess
LogPluginManager: Mounting plugin NullSourceCodeAccess
LogPluginManager: Mounting plugin PerforceSourceControl
LogPluginManager: Mounting plugin SubversionSourceControl
LogPluginManager: Mounting plugin UObjectPlugin
LogPluginManager: Mounting plugin VisualStudioCodeSourceCodeAccess
LogPluginManager: Mounting plugin VisualStudioSourceCodeAccess
LogPluginManager: Mounting plugin XCodeSourceCodeAccess
LogPluginManager: Mounting plugin AssetManagerEditor
LogPluginManager: Mounting plugin CryptoKeys
LogPluginManager: Mounting plugin DataValidation
LogPluginManager: Mounting plugin FacialAnimation
LogPluginManager: Mounting plugin GameplayTagsEditor
LogPluginManager: Mounting plugin MacGraphicsSwitching
LogPluginManager: Mounting plugin MeshEditor
LogPluginManager: Mounting plugin MobileLauncherProfileWizard
LogPluginManager: Mounting plugin PluginBrowser
LogPluginManager: Mounting plugin SpeedTreeImporter
LogPluginManager: Mounting plugin DatasmithContent
LogPluginManager: Mounting plugin AlembicImporter
LogPluginManager: Mounting plugin AppleImageUtils
LogPluginManager: Mounting plugin AppleVision
LogPluginManager: Mounting plugin BackChannel
LogPluginManager: Mounting plugin CharacterAI
LogPluginManager: Mounting plugin GeometryCache
LogPluginManager: Mounting plugin HTML5Networking
LogPluginManager: Mounting plugin ProxyLODPlugin
LogPluginManager: Mounting plugin MagicLeap
LogPluginManager: Mounting plugin MagicLeapEmulator
LogPluginManager: Mounting plugin MagicLeapMedia
LogPluginManager: Mounting plugin AndroidMedia
LogPluginManager: Mounting plugin AvfMedia
LogPluginManager: Mounting plugin ImgMedia
LogPluginManager: Mounting plugin LinearTimecode
LogPluginManager: Mounting plugin MediaCompositing
LogPluginManager: Mounting plugin MediaPlayerEditor
LogPluginManager: Mounting plugin WmfMedia
LogPluginManager: Mounting plugin TcpMessaging
LogPluginManager: Mounting plugin UdpMessaging
LogPluginManager: Mounting plugin ActorSequence
LogPluginManager: Mounting plugin LevelSequenceEditor
LogPluginManager: Mounting plugin MatineeToLevelSequence
LogPluginManager: Mounting plugin NetcodeUnitTest
LogPluginManager: Mounting plugin NUTUnrealEngine4
LogPluginManager: Mounting plugin OnlineSubsystemGooglePlay
LogPluginManager: Mounting plugin OnlineSubsystemIOS
LogPluginManager: Mounting plugin OnlineSubsystem
LogPluginManager: Mounting plugin OnlineSubsystemNull
LogPluginManager: Mounting plugin OnlineSubsystemUtils
LogPluginManager: Mounting plugin LauncherChunkInstaller
LogPluginManager: Mounting plugin AndroidDeviceProfileSelector
LogPluginManager: Mounting plugin AndroidMoviePlayer
LogPluginManager: Mounting plugin AndroidPermission
LogPluginManager: Mounting plugin AppleMoviePlayer
LogPluginManager: Mounting plugin ArchVisCharacter
LogPluginManager: Mounting plugin AudioCapture
LogPluginManager: Mounting plugin CableComponent
LogPluginManager: Mounting plugin CustomMeshComponent
LogPluginManager: Mounting plugin EditableMesh
LogPluginManager: Mounting plugin ExampleDeviceProfileSelector
LogPluginManager: Mounting plugin GoogleCloudMessaging
LogPluginManager: Mounting plugin ImmediatePhysics
LogPluginManager: Mounting plugin IOSDeviceProfileSelector
LogPluginManager: Mounting plugin LinuxDeviceProfileSelector
LogPluginManager: Mounting plugin LocationServicesBPLibrary
LogPluginManager: Mounting plugin MobilePatchingUtils
LogPluginManager: Mounting plugin OculusVR
LogPluginManager: Plugin shader directory ../../../Engine/Plugins/Runtime/Oculus/OculusVR/Shaders found
LogPluginManager: Mapping shader source directory ../../../Engine/Plugins/Runtime/Oculus/OculusVR/Shaders to virtual directory /Plugin/OculusVR
LogConfig: Warning: Failed to saved backup for config[OculusVR]
LogPluginManager: Mounting plugin PhysXVehicles
LogConfig: Warning: Failed to saved backup for config[PhysXVehicles]
LogPluginManager: Mounting plugin ProceduralMeshComponent
LogPluginManager: Mounting plugin RuntimePhysXCooking
LogPluginManager: Mounting plugin SteamVR
LogPluginManager: Mounting plugin WindowsMoviePlayer
LogStreaming: Display: Took  0.495s to configure plugins.
LogInit: Using libcurl 7.55.1-DEV
LogInit:  - built for x86_64-pc-win32
LogInit:  - supports SSL with OpenSSL/1.0.2h
LogInit:  - supports HTTP deflate (compression) using libz 1.2.8
LogInit:  - other features:
LogInit:      CURL_VERSION_SSL
LogInit:      CURL_VERSION_LIBZ
LogInit:      CURL_VERSION_IPV6
LogInit:      CURL_VERSION_ASYNCHDNS
LogInit:      CURL_VERSION_LARGEFILE
LogInit:      CURL_VERSION_IDN
LogInit:  CurlRequestOptions (configurable via config and command line):
LogInit:  - bVerifyPeer = false  - Libcurl will NOT verify peer certificate
LogInit:  - bUseHttpProxy = false  - Libcurl will NOT use HTTP proxy
LogInit:  - bDontReuseConnections = false  - Libcurl will reuse connections
LogInit:  - CertBundlePath = nullptr  - Libcurl will use whatever was configured at build time.
LogInit:  - MaxHostConnections = 16  - Libcurl will limit the number of connections to a host
LogInit:  - LocalHostAddr = Default
LogInit:  - BufferSize = 65536
LogInit: WinSock: version 1.1 (2.2), MaxSocks=32767, MaxUdp=65467
LogInit: Build: ++UE4+Release-4.20-CL-4369336
LogInit: Engine Version: 4.20.3-4369336+++UE4+Release-4.20
LogInit: Compatible Engine Version: 4.20.0-4212847+++UE4+Release-4.20
LogInit: Net CL: 4212847
LogInit: OS: Windows 10 (), CPU: Intel(R) Core(TM) i5-6300HQ CPU @ 2.30GHz, GPU: Intel(R) HD Graphics 530
LogInit: Compiled (64-bit): Sep 17 2018 12:26:19
LogInit: Compiled with Visual C++: 19.13.26129.00
LogInit: Build Configuration: Development
LogInit: Branch Name: ++UE4+Release-4.20
LogInit: Command Line:  
LogInit: Base Directory: C:/Program Files (x86)/Epic Games/UE_4.20/Engine/Binaries/Win64/
LogInit: Installed Engine Build: 1
LogDevObjectVersion: Number of dev versions registered: 20
LogDevObjectVersion:   Dev-Blueprints (B0D832E4-1F89-4F0D-ACCF-7EB736FD4AA2): 10
LogDevObjectVersion:   Dev-Build (E1C64328-A22C-4D53-A36C-8E866417BD8C): 0
LogDevObjectVersion:   Dev-Core (375EC13C-06E4-48FB-B500-84F0262A717E): 2
LogDevObjectVersion:   Dev-Editor (E4B068ED-F494-42E9-A231-DA0B2E46BB41): 24
LogDevObjectVersion:   Dev-Framework (CFFC743F-43B0-4480-9391-14DF171D2073): 34
LogDevObjectVersion:   Dev-Mobile (B02B49B5-BB20-44E9-A304-32B752E40360): 2
LogDevObjectVersion:   Dev-Networking (A4E4105C-59A1-49B5-A7C5-40C4547EDFEE): 0
LogDevObjectVersion:   Dev-Online (39C831C9-5AE6-47DC-9A44-9C173E1C8E7C): 0
LogDevObjectVersion:   Dev-Physics (78F01B33-EBEA-4F98-B9B4-84EACCB95AA2): 0
LogDevObjectVersion:   Dev-Platform (6631380F-2D4D-43E0-8009-CF276956A95A): 0
LogDevObjectVersion:   Dev-Rendering (12F88B9F-8875-4AFC-A67C-D90C383ABD29): 26
LogDevObjectVersion:   Dev-Sequencer (7B5AE74C-D270-4C10-A958-57980B212A5A): 9
LogDevObjectVersion:   Dev-VR (D7296918-1DD6-4BDD-9DE2-64A83CC13884): 2
LogDevObjectVersion:   Dev-LoadTimes (C2A15278-BFE7-4AFE-6C17-90FF531DF755): 1
LogDevObjectVersion:   Private-Geometry (6EACA3D4-40EC-4CC1-B786-8BED09428FC5): 3
LogDevObjectVersion:   Dev-AnimPhys (29E575DD-E0A3-4627-9D10-D276232CDCEA): 17
LogDevObjectVersion:   Dev-ReflectionCapture (6B266CEC-1EC7-4B8F-A30B-E4D90942FC07): 1
LogDevObjectVersion:   Dev-Automation (0DF73D61-A23F-47EA-B727-89E90C41499A): 1
LogDevObjectVersion:   FortniteMain (601D1886-AC64-4F84-AA16-D3DE0DEAC7D6): 12
LogDevObjectVersion:   Dev-Enterprise (9DFFBCD6-494F-0158-E221-12823C92A888): 1
LogStreaming: Display: Took  0.002s to delete old logs.
LogInit: Presizing for max 8388607 objects, including 0 objects not considered by GC, pre-allocating 0 bytes for permanent pool.
LogInit: Object subsystem initialized
[2021.01.14-16.44.24:932][  0]LogInit: Selected Device Profile: [Windows]
[2021.01.14-16.44.24:932][  0]LogInit: Applying CVar settings loaded from the selected device profile: [Windows]
[2021.01.14-16.44.24:994][  0]LogHAL: Display: Platform has ~ 8 GB [8374956032 / 8589934592 / 8], which maps to Default [LargestMinGB=32, LargerMinGB=12, DefaultMinGB=8, SmallerMinGB=6, SmallestMinGB=0)
[2021.01.14-16.44.24:994][  0]LogInit: Setting Device Profile CVar: [[r.Vulkan.UseRealUBs:1]]
[2021.01.14-16.44.24:994][  0]LogInit: Going up to parent DeviceProfile []
[2021.01.14-16.44.24:995][  0]LogInit: Computer: LAPTOP-4EKRA7ME
[2021.01.14-16.44.24:995][  0]LogInit: User: Felidre
[2021.01.14-16.44.24:995][  0]LogInit: CPU Page size=4096, Cores=4
[2021.01.14-16.44.24:995][  0]LogInit: High frequency timer resolution =10.000000 MHz
[2021.01.14-16.44.24:995][  0]LogMemory: Memory total: Physical=7.8GB (8GB approx)
[2021.01.14-16.44.24:995][  0]LogMemory: Platform Memory Stats for Windows
[2021.01.14-16.44.24:995][  0]LogMemory: Process Physical Memory: 101.48 MB used, 101.48 MB peak
[2021.01.14-16.44.24:995][  0]LogMemory: Process Virtual Memory: 84.32 MB used, 84.32 MB peak
[2021.01.14-16.44.24:995][  0]LogMemory: Physical Memory: 6655.07 MB used,  1331.91 MB free, 7986.98 MB total
[2021.01.14-16.44.24:995][  0]LogMemory: Virtual Memory: 4609.22 MB used,  1331.91 MB free, 134217728.00 MB total
[2021.01.14-16.44.25:257][  0]LogInit: Using OS detected language (en-GB).
[2021.01.14-16.44.25:257][  0]LogInit: Using OS detected locale (en-GB).
[2021.01.14-16.44.25:259][  0]LogTextLocalizationManager: No specific localization for 'en-GB' exists, so the 'en' localization will be used.
[2021.01.14-16.44.26:009][  0]LogStreaming: Display: Took  0.752s to InitEngineTextLocalization.
[2021.01.14-16.44.26:010][  0]LogInit: Setting process to per monitor DPI aware
[2021.01.14-16.44.26:235][  0]LogSlate: New Slate User Created.  User Index 0, Is Virtual User: 0
[2021.01.14-16.44.26:235][  0]LogSlate: Slate User Registered.  User Index 0, Is Virtual User: 0
[2021.01.14-16.44.29:865][  0]LogHMD: Failed to initialize OpenVR with code 110
[2021.01.14-16.44.29:865][  0]LogD3D11RHI: D3D11 adapters:
[2021.01.14-16.44.30:105][  0]LogD3D11RHI:    0. 'NVIDIA GeForce GTX 950M' (Feature Level 11_0)
[2021.01.14-16.44.30:105][  0]LogD3D11RHI:       4055/0/3993 MB DedicatedVideo/DedicatedSystem/SharedSystem, Outputs:1, VendorId:0x10de
[2021.01.14-16.44.30:140][  0]LogD3D11RHI:    1. 'Intel(R) HD Graphics 530' (Feature Level 11_0)
[2021.01.14-16.44.30:140][  0]LogD3D11RHI:       128/0/3993 MB DedicatedVideo/DedicatedSystem/SharedSystem, Outputs:0, VendorId:0x8086
[2021.01.14-16.44.30:151][  0]LogD3D11RHI:    2. 'Microsoft Basic Render Driver' (Feature Level 11_0)
[2021.01.14-16.44.30:151][  0]LogD3D11RHI:       0/0/3993 MB DedicatedVideo/DedicatedSystem/SharedSystem, Outputs:0, VendorId:0x1414
[2021.01.14-16.44.30:151][  0]LogD3D11RHI: Chosen D3D11 Adapter: 0
[2021.01.14-16.44.30:214][  0]LogD3D11RHI: Creating new Direct3DDevice
[2021.01.14-16.44.30:215][  0]LogD3D11RHI:     GPU DeviceId: 0x139a (for the marketing name, search the web for "GPU Device Id")
[2021.01.14-16.44.30:215][  0]LogWindows: EnumDisplayDevices:
[2021.01.14-16.44.30:215][  0]LogWindows:    0. 'Intel(R) HD Graphics 530' (P:1 D:1)
[2021.01.14-16.44.30:216][  0]LogWindows:    1. 'Intel(R) HD Graphics 530' (P:0 D:0)
[2021.01.14-16.44.30:216][  0]LogWindows:    2. 'Intel(R) HD Graphics 530' (P:0 D:0)
[2021.01.14-16.44.30:217][  0]LogWindows: DebugString: PrimaryIsNotTheChoosenAdapter PrimaryIsNotTheChoosenAdapter PrimaryIsNotTheChoosenAdapter FoundDriverCount:0 
[2021.01.14-16.44.30:217][  0]LogD3D11RHI:     Adapter Name: NVIDIA GeForce GTX 950M
[2021.01.14-16.44.30:217][  0]LogD3D11RHI:   Driver Version: Unknown (internal:Unknown, unified:Unknown)
[2021.01.14-16.44.30:217][  0]LogD3D11RHI:      Driver Date: Unknown
[2021.01.14-16.44.30:217][  0]LogRHI: Texture pool is 2839 MB (70% of 4055 MB)
[2021.01.14-16.44.30:306][  0]LogD3D11RHI: Async texture creation enabled
[2021.01.14-16.44.30:331][  0]LogD3D11RHI: GPU Timing Frequency: 1000.000000 (Debug: 2 1)
[2021.01.14-16.44.30:333][  0]LogShaderCompilers: Guid format shader working directory is -39 characters bigger than the processId version (../../../../../../Users/Felidre/Desktop/Studia/Silniki gier/TheMaze/TheMaze_PChrascina/Intermediate/Shaders/WorkingDirectory/12712/).
[2021.01.14-16.44.30:333][  0]LogShaderCompilers: Cleaned the shader compiler working directory 'C:/Users/Felidre/AppData/Local/Temp/UnrealShaderWorkingDir/3834792F4A0BA4F40DBE73984F2ADB8F/'.
[2021.01.14-16.44.31:470][  0]LogTemp: Display: Loaded TP AllDesktopTargetPlatform
[2021.01.14-16.44.31:490][  0]LogTemp: Display: Loaded TP MacClientTargetPlatform
[2021.01.14-16.44.31:529][  0]LogTemp: Display: Loaded TP MacNoEditorTargetPlatform
[2021.01.14-16.44.31:595][  0]LogTemp: Display: Loaded TP MacServerTargetPlatform
[2021.01.14-16.44.31:665][  0]LogTemp: Display: Loaded TP MacTargetPlatform
[2021.01.14-16.44.31:698][  0]LogTemp: Display: Loaded TP WindowsClientTargetPlatform
[2021.01.14-16.44.31:721][  0]LogTemp: Display: Loaded TP WindowsNoEditorTargetPlatform
[2021.01.14-16.44.31:753][  0]LogTemp: Display: Loaded TP WindowsServerTargetPlatform
[2021.01.14-16.44.31:793][  0]LogTemp: Display: Loaded TP WindowsTargetPlatform
[2021.01.14-16.44.31:902][  0]LogTemp: Display: Loaded TP AndroidTargetPlatform
[2021.01.14-16.44.31:902][  0]LogTemp: Display: Loaded TP AndroidTargetPlatform
[2021.01.14-16.44.31:902][  0]LogTemp: Display: Loaded TP AndroidTargetPlatform
[2021.01.14-16.44.31:902][  0]LogTemp: Display: Loaded TP AndroidTargetPlatform
[2021.01.14-16.44.31:902][  0]LogTemp: Display: Loaded TP AndroidTargetPlatform
[2021.01.14-16.44.31:902][  0]LogTemp: Display: Loaded TP AndroidTargetPlatform
[2021.01.14-16.44.31:902][  0]LogTemp: Display: Loaded TP AndroidTargetPlatform
[2021.01.14-16.44.31:902][  0]LogTemp: Display: Loaded TP AndroidTargetPlatform
[2021.01.14-16.44.31:902][  0]LogTemp: Display: Loaded TP AndroidTargetPlatform
[2021.01.14-16.44.31:902][  0]LogTemp: Display: Loaded TP AndroidTargetPlatform
[2021.01.14-16.44.31:902][  0]LogTemp: Display: Loaded TP AndroidTargetPlatform
[2021.01.14-16.44.31:902][  0]LogTemp: Display: Loaded TP AndroidTargetPlatform
[2021.01.14-16.44.31:902][  0]LogTemp: Display: Loaded TP AndroidTargetPlatform
[2021.01.14-16.44.31:902][  0]LogTemp: Display: Loaded TP AndroidTargetPlatform
[2021.01.14-16.44.31:902][  0]LogTemp: Display: Loaded TP AndroidTargetPlatform
[2021.01.14-16.44.31:902][  0]LogTemp: Display: Loaded TP AndroidTargetPlatform
[2021.01.14-16.44.31:902][  0]LogTemp: Display: Loaded TP AndroidTargetPlatform
[2021.01.14-16.44.31:902][  0]LogTemp: Display: Loaded TP AndroidTargetPlatform
[2021.01.14-16.44.31:914][  0]LogTemp: Display: Loaded TP HTML5TargetPlatform
[2021.01.14-16.44.32:015][  0]LogTemp: Display: Loaded TP IOSTargetPlatform
[2021.01.14-16.44.32:015][  0]LogTemp: Display: Loaded TP IOSTargetPlatform
[2021.01.14-16.44.32:058][  0]LogTemp: Display: Loaded TP TVOSTargetPlatform
[2021.01.14-16.44.32:058][  0]LogTemp: Display: Loaded TP TVOSTargetPlatform
[2021.01.14-16.44.32:082][  0]LogTemp: Display: Loaded TP LinuxClientTargetPlatform
[2021.01.14-16.44.32:099][  0]LogTemp: Display: Loaded TP LinuxNoEditorTargetPlatform
[2021.01.14-16.44.32:128][  0]LogTemp: Display: Loaded TP LinuxServerTargetPlatform
[2021.01.14-16.44.32:168][  0]LogTemp: Display: Loaded TP LinuxTargetPlatform
[2021.01.14-16.44.32:196][  0]LogTemp: Display: Loaded TP LuminTargetPlatform
[2021.01.14-16.44.32:196][  0]LogTargetPlatformManager: Display: Building Assets For Windows
[2021.01.14-16.44.32:776][  0]LogXGEController: Cannot use XGE Controller as Incredibuild is not installed on this machine.
[2021.01.14-16.44.32:776][  0]LogShaderCompilers: Cannot use XGE Shader Compiler as Incredibuild is not installed on this machine.
[2021.01.14-16.44.32:776][  0]LogShaderCompilers: Display: Using Local Shader Compiler.
[2021.01.14-16.44.37:137][  0]LogDerivedDataCache: Display: Max Cache Size: 512 MB
[2021.01.14-16.44.37:243][  0]LogDerivedDataCache: Loaded boot cache 0.11s 79MB C:/Users/Felidre/AppData/Local/UnrealEngine/4.20/DerivedDataCache/Boot.ddc.
[2021.01.14-16.44.37:244][  0]LogDerivedDataCache: Display: Loaded Boot cache: C:/Users/Felidre/AppData/Local/UnrealEngine/4.20/DerivedDataCache/Boot.ddc
[2021.01.14-16.44.37:244][  0]LogDerivedDataCache: FDerivedDataBackendGraph:  Pak pak cache file ../../../../../../Users/Felidre/Desktop/Studia/Silniki gier/TheMaze/TheMaze_PChrascina/DerivedDataCache/DDC.ddp not found, will not use a pak cache.
[2021.01.14-16.44.37:245][  0]LogDerivedDataCache: Unable to find inner node Pak for hierarchical cache Hierarchy.
[2021.01.14-16.44.37:245][  0]LogDerivedDataCache: FDerivedDataBackendGraph:  CompressedPak pak cache file ../../../../../../Users/Felidre/Desktop/Studia/Silniki gier/TheMaze/TheMaze_PChrascina/DerivedDataCache/Compressed.ddp not found, will not use a pak cache.
[2021.01.14-16.44.37:245][  0]LogDerivedDataCache: Unable to find inner node CompressedPak for hierarchical cache Hierarchy.
[2021.01.14-16.44.37:290][  0]LogDerivedDataCache: Display: Pak cache opened for reading ../../../Engine/DerivedDataCache/Compressed.ddp.
[2021.01.14-16.44.37:303][  0]LogDerivedDataCache: Using Local data cache path C:/Users/Felidre/AppData/Local/UnrealEngine/Common/DerivedDataCache: Writable
[2021.01.14-16.44.37:303][  0]LogDerivedDataCache: Shared data cache path not found in *engine.ini, will not use an Shared cache.
[2021.01.14-16.44.37:303][  0]LogDerivedDataCache: Unable to find inner node Shared for hierarchical cache Hierarchy.
[2021.01.14-16.44.37:332][  0]LogMaterial: Verifying Global Shaders for PCD3D_SM5
[2021.01.14-16.44.37:334][  0]LogSlate: Using FreeType 2.6.0
[2021.01.14-16.44.37:362][  0]LogSlate: SlateFontServices - WITH_FREETYPE: 1, WITH_HARFBUZZ: 1
[2021.01.14-16.44.38:707][  0]LogAssetRegistry: FAssetRegistry took 0.0308 seconds to start up
[2021.01.14-16.44.39:254][  0]LogInit: Selected Device Profile: [Windows]
[2021.01.14-16.44.39:922][  0]LogSimplygon: Simplygon DLL not present - disabling.
[2021.01.14-16.44.40:189][  0]LogMeshReduction: Using SimplygonSwarm for distributed automatic mesh merging
[2021.01.14-16.44.40:189][  0]LogMeshReduction: Using ProxyLODMeshReduction for automatic mesh merging
[2021.01.14-16.44.40:189][  0]LogMeshReduction: Using QuadricMeshReduction for automatic static mesh reduction
[2021.01.14-16.44.40:189][  0]LogMeshReduction: No automatic skeletal mesh reduction module available
[2021.01.14-16.44.40:347][  0]LogNetVersion: TheMaze_PChrascina 1.0.0, NetCL: 4212847, EngineNetVer: 5, GameNetVer: 0 (Checksum: 1939499750)
[2021.01.14-16.44.41:986][  0]LogAssetRegistry: Error: Failed to open file for write ../../../../../../Users/Felidre/Desktop/Studia/Silniki gier/TheMaze/TheMaze_PChrascina/Intermediate/AssetRegistryCache/e8c2d44a.bin
[2021.01.14-16.44.41:997][  0]LogAssetRegistry: Error: Failed to open file for write ../../../../../../Users/Felidre/Desktop/Studia/Silniki gier/TheMaze/TheMaze_PChrascina/Intermediate/AssetRegistryCache/aff1c699.bin
[2021.01.14-16.44.42:006][  0]LogAssetRegistry: Error: Failed to open file for write ../../../../../../Users/Felidre/Desktop/Studia/Silniki gier/TheMaze/TheMaze_PChrascina/Intermediate/AssetRegistryCache/266574c4.bin
[2021.01.14-16.44.42:013][  0]LogFileManager: Warning: MoveFile was unable to move '../../../../../../Users/Felidre/Desktop/Studia/Silniki gier/TheMaze/TheMaze_PChrascina/Intermediate/AssetRegistryCache/8c0e1344.bin.tmp' to '../../../../../../Users/Felidre/Desktop/Studia/Silniki gier/TheMaze/TheMaze_PChrascina/Intermediate/AssetRegistryCache/8c0e1344.bin', retrying in .5s...
[2021.01.14-16.44.42:513][  0]LogFileManager: Warning: MoveFile was unable to move '../../../../../../Users/Felidre/Desktop/Studia/Silniki gier/TheMaze/TheMaze_PChrascina/Intermediate/AssetRegistryCache/8c0e1344.bin.tmp' to '../../../../../../Users/Felidre/Desktop/Studia/Silniki gier/TheMaze/TheMaze_PChrascina/Intermediate/AssetRegistryCache/8c0e1344.bin', retrying in .5s...
[2021.01.14-16.44.43:013][  0]LogFileManager: Warning: MoveFile was unable to move '../../../../../../Users/Felidre/Desktop/Studia/Silniki gier/TheMaze/TheMaze_PChrascina/Intermediate/AssetRegistryCache/8c0e1344.bin.tmp' to '../../../../../../Users/Felidre/Desktop/Studia/Silniki gier/TheMaze/TheMaze_PChrascina/Intermediate/AssetRegistryCache/8c0e1344.bin', retrying in .5s...
[2021.01.14-16.44.43:514][  0]LogFileManager: Warning: MoveFile was unable to move '../../../../../../Users/Felidre/Desktop/Studia/Silniki gier/TheMaze/TheMaze_PChrascina/Intermediate/AssetRegistryCache/8c0e1344.bin.tmp' to '../../../../../../Users/Felidre/Desktop/Studia/Silniki gier/TheMaze/TheMaze_PChrascina/Intermediate/AssetRegistryCache/8c0e1344.bin', retrying in .5s...
[2021.01.14-16.44.44:014][  0]LogFileManager: Warning: MoveFile was unable to move '../../../../../../Users/Felidre/Desktop/Studia/Silniki gier/TheMaze/TheMaze_PChrascina/Intermediate/AssetRegistryCache/8c0e1344.bin.tmp' to '../../../../../../Users/Felidre/Desktop/Studia/Silniki gier/TheMaze/TheMaze_PChrascina/Intermediate/AssetRegistryCache/8c0e1344.bin', retrying in .5s...
[2021.01.14-16.44.44:515][  0]LogFileManager: Warning: MoveFile was unable to move '../../../../../../Users/Felidre/Desktop/Studia/Silniki gier/TheMaze/TheMaze_PChrascina/Intermediate/AssetRegistryCache/8c0e1344.bin.tmp' to '../../../../../../Users/Felidre/Desktop/Studia/Silniki gier/TheMaze/TheMaze_PChrascina/Intermediate/AssetRegistryCache/8c0e1344.bin', retrying in .5s...
[2021.01.14-16.44.45:016][  0]LogFileManager: Warning: MoveFile was unable to move '../../../../../../Users/Felidre/Desktop/Studia/Silniki gier/TheMaze/TheMaze_PChrascina/Intermediate/AssetRegistryCache/8c0e1344.bin.tmp' to '../../../../../../Users/Felidre/Desktop/Studia/Silniki gier/TheMaze/TheMaze_PChrascina/Intermediate/AssetRegistryCache/8c0e1344.bin', retrying in .5s...
[2021.01.14-16.44.45:517][  0]LogFileManager: Warning: MoveFile was unable to move '../../../../../../Users/Felidre/Desktop/Studia/Silniki gier/TheMaze/TheMaze_PChrascina/Intermediate/AssetRegistryCache/8c0e1344.bin.tmp' to '../../../../../../Users/Felidre/Desktop/Studia/Silniki gier/TheMaze/TheMaze_PChrascina/Intermediate/AssetRegistryCache/8c0e1344.bin', retrying in .5s...
[2021.01.14-16.44.46:017][  0]LogFileManager: Warning: MoveFile was unable to move '../../../../../../Users/Felidre/Desktop/Studia/Silniki gier/TheMaze/TheMaze_PChrascina/Intermediate/AssetRegistryCache/8c0e1344.bin.tmp' to '../../../../../../Users/Felidre/Desktop/Studia/Silniki gier/TheMaze/TheMaze_PChrascina/Intermediate/AssetRegistryCache/8c0e1344.bin', retrying in .5s...
[2021.01.14-16.44.46:518][  0]LogFileManager: Warning: MoveFile was unable to move '../../../../../../Users/Felidre/Desktop/Studia/Silniki gier/TheMaze/TheMaze_PChrascina/Intermediate/AssetRegistryCache/8c0e1344.bin.tmp' to '../../../../../../Users/Felidre/Desktop/Studia/Silniki gier/TheMaze/TheMaze_PChrascina/Intermediate/AssetRegistryCache/8c0e1344.bin', retrying in .5s...
[2021.01.14-16.44.47:019][  0]LogFileManager: Error: Error moving file '../../../../../../Users/Felidre/Desktop/Studia/Silniki gier/TheMaze/TheMaze_PChrascina/Intermediate/AssetRegistryCache/8c0e1344.bin.tmp' to '../../../../../../Users/Felidre/Desktop/Studia/Silniki gier/TheMaze/TheMaze_PChrascina/Intermediate/AssetRegistryCache/8c0e1344.bin'.
[2021.01.14-16.44.47:120][  0]LogPackageLocalizationCache: Processed 11 localized package path(s) for 2 prioritized culture(s) in 5.161726 seconds
[2021.01.14-16.44.47:128][  0]LogUObjectArray: 38425 objects as part of root set at end of initial load.
[2021.01.14-16.44.47:128][  0]LogUObjectAllocator: 6690864 out of 0 bytes used by permanent object pool.
[2021.01.14-16.44.47:128][  0]LogUObjectArray: CloseDisregardForGC: 0/0 objects in disregard for GC pool
[2021.01.14-16.45.14:415][  0]LogTcpMessaging: Initializing TcpMessaging bridge
[2021.01.14-16.45.14:443][  0]LogUdpMessaging: Initializing bridge on interface 0.0.0.0:0 to multicast group 230.0.0.1:6666.
[2021.01.14-16.45.15:687][  0]SourceControl: Source control is disabled
[2021.01.14-16.45.15:688][  0]SourceControl: Source control is disabled
[2021.01.14-16.45.15:715][  0]SourceControl: Source control is disabled
[2021.01.14-16.45.15:763][  0]SourceControl: Source control is disabled
[2021.01.14-16.45.17:879][  0]LogAndroidPermission: UAndroidPermissionCallbackProxy::GetInstance
[2021.01.14-16.45.18:216][  0]LogOcInput: OculusInput pre-init called
[2021.01.14-16.45.18:964][  0]LogEngine: Initializing Engine...
[2021.01.14-16.45.18:975][  0]LogHMD: Failed to initialize OpenVR with code 110
[2021.01.14-16.45.18:998][  0]LogStats: UGameplayTagsManager::ConstructGameplayTagTree: ImportINI prefixes -  0.000 s
[2021.01.14-16.45.18:998][  0]LogStats: UGameplayTagsManager::ConstructGameplayTagTree: Construct from data asset -  0.000 s
[2021.01.14-16.45.18:998][  0]LogStats: UGameplayTagsManager::ConstructGameplayTagTree: ImportINI -  0.000 s
[2021.01.14-16.45.18:998][  0]LogStats: UGameplayTagsManager::ConstructGameplayTagTree: GameplayTagTreeChangedEvent.Broadcast -  0.000 s
[2021.01.14-16.45.20:958][  0]LogInit: Initializing FReadOnlyCVARCache
[2021.01.14-16.45.21:931][  0]LogAIModule: Creating AISystem for world Untitled
[2021.01.14-16.45.25:935][  0]LogInit: XAudio2 using 'Słuchawki HUAWEI (Realtek High Definition Audio)' : 2 channels at 48 kHz using 32 bits per sample (channel mask 0x3)
[2021.01.14-16.45.26:341][  0]LogInit: FAudioDevice initialized.
[2021.01.14-16.45.26:413][  0]LogNetVersion: Set ProjectVersion to 1.0.0.0. Version Checksum will be recalculated on next use.
[2021.01.14-16.45.27:424][  0]LogDerivedDataCache: Saved boot cache 1.01s 71MB C:/Users/Felidre/AppData/Local/UnrealEngine/4.20/DerivedDataCache/Boot.ddc.
[2021.01.14-16.45.28:004][  0]LogInit: Texture streaming: Enabled
[2021.01.14-16.45.29:849][  0]LogEngineSessionManager: EngineSessionManager initialized
[2021.01.14-16.45.30:869][  0]LogInit: Transaction tracking system initialized
[2021.01.14-16.45.32:476][  0]BlueprintLog: New page: Editor Load
[2021.01.14-16.45.37:088][  0]LocalizationService: Localization service is disabled
[2021.01.14-16.45.45:972][  0]LogFileCache: Scanning file cache for directory 'C:/Users/Felidre/Desktop/Studia/Silniki gier/TheMaze/TheMaze_PChrascina/Content/' took 0.13s
[2021.01.14-16.45.45:972][  0]LogCook: Display: Max memory allowance for cook 16384mb min free memory 0mb
[2021.01.14-16.45.45:990][  0]LogCook: Display: Mobile HDR setting 1
[2021.01.14-16.45.46:158][  0]LogGameplayTags: Display: UGameplayTagsManager::DoneAddingNativeTags. DelegateIsBound: 0
[2021.01.14-16.45.46:224][  0]LogStats: UGameplayTagsManager::ConstructGameplayTagTree: ImportINI prefixes -  0.000 s
[2021.01.14-16.45.46:224][  0]LogStats: UGameplayTagsManager::ConstructGameplayTagTree: Construct from data asset -  0.000 s
[2021.01.14-16.45.46:224][  0]LogStats: UGameplayTagsManager::ConstructGameplayTagTree: ImportINI -  0.000 s
[2021.01.14-16.45.46:224][  0]LogStats: UGameplayTagsManager::ConstructGameplayTagTree: GameplayTagTreeChangedEvent.Broadcast -  0.000 s
[2021.01.14-16.45.52:954][  0]SourceControl: Source control is disabled
[2021.01.14-16.45.52:997][  0]Cmd: MAP LOAD FILE="../../../../../../Users/Felidre/Desktop/Studia/Silniki gier/TheMaze/TheMaze_PChrascina/Content/StarterContent/Maps/Minimal_Default.umap" TEMPLATE=0 SHOWPROGRESS=1 FEATURELEVEL=3
[2021.01.14-16.45.53:047][  0]LightingResults: New page: Lighting Build
[2021.01.14-16.45.53:314][  0]MapCheck: New page: Map Check
[2021.01.14-16.45.53:314][  0]LightingResults: New page: Lighting Build
[2021.01.14-16.45.58:835][  0]LogAIModule: Creating AISystem for world Minimal_Default
[2021.01.14-16.46.01:103][  0]LogEditorServer: Finished looking for orphan Actors (0.000 secs)
[2021.01.14-16.46.01:353][  0]Cmd: MAP CHECKDEP NOCLEARLOG
[2021.01.14-16.46.01:501][  0]MapCheck: Map check complete: 0 Error(s), 0 Warning(s), took 148.177ms to complete.
[2021.01.14-16.46.01:501][  0]LogFileHelpers: Loading map 'Minimal_Default' took 8.540
[2021.01.14-16.46.04:054][  0]LogSlate: Updating window title bar state: overlay mode, drag disabled, window buttons hidden, title bar hidden
[2021.01.14-16.46.04:107][  0]LogSlate: Updating window title bar state: overlay mode, drag disabled, window buttons hidden, title bar hidden
[2021.01.14-16.46.04:117][  0]LogSlate: Updating window title bar state: overlay mode, drag disabled, window buttons hidden, title bar hidden
[2021.01.14-16.46.04:127][  0]LogSlate: Updating window title bar state: overlay mode, drag disabled, window buttons hidden, title bar hidden
[2021.01.14-16.46.04:250][  0]LogCollectionManager: Loaded 0 collections in 0.002737 seconds
[2021.01.14-16.46.04:379][  0]LogFileCache: Scanning file cache for directory 'C:/Users/Felidre/Desktop/Studia/Silniki gier/TheMaze/TheMaze_PChrascina/Saved/Collections/' took 0.02s
[2021.01.14-16.46.04:379][  0]LogFileCache: Scanning file cache for directory 'C:/Users/Felidre/Desktop/Studia/Silniki gier/TheMaze/TheMaze_PChrascina/Content/Developers/Felidre/Collections/' took 0.01s
[2021.01.14-16.46.04:379][  0]LogFileCache: Scanning file cache for directory 'C:/Users/Felidre/Desktop/Studia/Silniki gier/TheMaze/TheMaze_PChrascina/Content/Collections/' took 0.01s
[2021.01.14-16.46.04:379][  0]LogCollectionManager: Rebuilt the GUID cache for 0 collections in 0.000000 seconds
[2021.01.14-16.46.04:404][  0]LogContentBrowser: Native class hierarchy populated in 0.0133 seconds. Added 2572 classes and 603 folders.
[2021.01.14-16.46.04:550][  0]LogContentBrowser: Native class hierarchy updated for 'WidgetCarousel' in 0.0007 seconds. Added 0 classes and 0 folders.
[2021.01.14-16.46.07:403][  0]LogContentBrowser: Native class hierarchy updated for 'AddContentDialog' in 0.0003 seconds. Added 0 classes and 0 folders.
[2021.01.14-16.46.07:712][  0]LogContentBrowser: Native class hierarchy updated for 'SceneOutliner' in 0.0003 seconds. Added 1 classes and 2 folders.
[2021.01.14-16.46.11:066][  0]LogContentBrowser: Native class hierarchy updated for 'HierarchicalLODOutliner' in 0.0006 seconds. Added 0 classes and 0 folders.
[2021.01.14-16.46.11:066][  0]LogLoad: (Engine Initialization) Total time: 112.26 seconds
[2021.01.14-16.46.11:066][  0]LogLoad: (Engine Initialization) Total Blueprint compile time: 0.00 seconds
[2021.01.14-16.46.16:679][  0]LogContentStreaming: Texture pool size now 1000 MB
[2021.01.14-16.46.20:031][  0]LogSlate: Took 0.010247 seconds to synchronously load lazily loaded font '../../../Engine/Content/Slate/Fonts/Roboto-Regular.ttf' (155K)
[2021.01.14-16.46.20:274][  0]LogSlate: Took 0.008673 seconds to synchronously load lazily loaded font '../../../Engine/Content/Slate/Fonts/Roboto-Bold.ttf' (160K)
[2021.01.14-16.46.20:352][  0]LogSlate: Took 0.005641 seconds to synchronously load lazily loaded font '../../../Engine/Content/Editor/Slate/Fonts/FontAwesome.ttf' (139K)
[2021.01.14-16.46.29:871][  1]LogRenderer: Reallocating scene render targets to support 1036x292 Format 10 NumSamples 1 (Frame:1).
[2021.01.14-16.46.32:355][  1]LogSlate: Took 0.114007 seconds to synchronously load lazily loaded font '../../../Engine/Content/Slate/Fonts/Roboto-Light.ttf' (167K)
[2021.01.14-16.46.36:911][  4]LogAssetRegistry: Asset discovery search completed in 118.1852 seconds
[2021.01.14-16.46.37:075][  4]LogCollectionManager: Rebuilt the object cache for 0 collections in 0.000002 seconds (found 0 objects)
[2021.01.14-16.46.37:075][  4]LogCollectionManager: Fixed up redirectors for 0 collections in 0.082186 seconds (updated 0 objects)
[2021.01.14-16.46.47:094][ 32]LogSlate: Window 'TheMaze_PChrascina - Unreal Editor' being destroyed
[2021.01.14-16.46.47:144][ 32]LogWindowsTextInputMethodSystem: Display: IME system now deactivated.
[2021.01.14-16.46.49:694][ 33]Cmd: QUIT_EDITOR
[2021.01.14-16.46.50:655][ 33]LogExit: Preparing to exit.
[2021.01.14-16.47.05:953][ 33]LogExit: Editor shut down
[2021.01.14-16.47.05:955][ 33]LogExit: Transaction tracking system shut down
[2021.01.14-16.47.14:666][ 33]LogExit: Object subsystem successfully closed.
[2021.01.14-16.47.15:088][ 33]LogShaderCompilers: Display: Shaders left to compile 0
[2021.01.14-16.47.15:318][ 33]LogD3D11RHI: Shutdown
[2021.01.14-16.47.15:319][ 33]LogD3D11RHI: CleanupD3DDevice
[2021.01.14-16.47.15:358][ 33]LogD3D11RHI: ~FD3D11DynamicRHI
[2021.01.14-16.47.18:858][ 33]LogModuleManager: Shutting down and abandoning module HierarchicalLODOutliner (610)
[2021.01.14-16.47.18:860][ 33]LogModuleManager: Shutting down and abandoning module SceneOutliner (608)
[2021.01.14-16.47.18:860][ 33]LogModuleManager: Shutting down and abandoning module AddContentDialog (606)
[2021.01.14-16.47.18:874][ 33]LogModuleManager: Shutting down and abandoning module WidgetCarousel (605)
[2021.01.14-16.47.18:874][ 33]LogModuleManager: Shutting down and abandoning module EditorWidgets (602)
[2021.01.14-16.47.18:875][ 33]LogModuleManager: Shutting down and abandoning module CollectionManager (600)
[2021.01.14-16.47.18:886][ 33]LogModuleManager: Shutting down and abandoning module StatsViewer (598)
[2021.01.14-16.47.18:892][ 33]LogModuleManager: Shutting down and abandoning module FoliageEdit (596)
[2021.01.14-16.47.18:895][ 33]LogModuleManager: Shutting down and abandoning module LandscapeEditor (594)
[2021.01.14-16.47.18:925][ 33]LogModuleManager: Shutting down and abandoning module MeshPaintMode (592)
[2021.01.14-16.47.18:929][ 33]LogModuleManager: Shutting down and abandoning module SceneDepthPickerMode (590)
[2021.01.14-16.47.18:929][ 33]LogModuleManager: Shutting down and abandoning module ActorPickerMode (588)
[2021.01.14-16.47.18:930][ 33]LogModuleManager: Shutting down and abandoning module GeometryMode (586)
[2021.01.14-16.47.18:930][ 33]LogModuleManager: Shutting down and abandoning module TextureAlignMode (584)
[2021.01.14-16.47.18:930][ 33]LogModuleManager: Shutting down and abandoning module BspMode (582)
[2021.01.14-16.47.18:930][ 33]LogModuleManager: Shutting down and abandoning module PIEPreviewDeviceProfileSelector (580)
[2021.01.14-16.47.18:938][ 33]LogModuleManager: Shutting down and abandoning module SequenceRecorderSections (578)
[2021.01.14-16.47.18:945][ 33]LogModuleManager: Shutting down and abandoning module AutomationWorker (576)
[2021.01.14-16.47.18:945][ 33]LogModuleManager: Shutting down and abandoning module AudioCaptureEditor (574)
[2021.01.14-16.47.18:945][ 33]LogModuleManager: Shutting down and abandoning module SequenceRecorder (573)
[2021.01.14-16.47.18:955][ 33]LogModuleManager: Shutting down and abandoning module MatineeToLevelSequence (570)
[2021.01.14-16.47.18:991][ 33]LogModuleManager: Shutting down and abandoning module LevelSequenceEditor (568)
[2021.01.14-16.47.19:003][ 33]LogModuleManager: Shutting down and abandoning module PlacementMode (567)
[2021.01.14-16.47.19:003][ 33]LogModuleManager: Shutting down and abandoning module MaterialEditor (566)
[2021.01.14-16.47.19:117][ 33]LogModuleManager: Shutting down and abandoning module WmfMediaFactory (562)
[2021.01.14-16.47.19:117][ 33]LogModuleManager: Shutting down and abandoning module WmfMediaEditor (560)
[2021.01.14-16.47.19:117][ 33]LogModuleManager: Shutting down and abandoning module MediaPlayerEditor (558)
[2021.01.14-16.47.19:179][ 33]LogModuleManager: Shutting down and abandoning module OpenExrWrapper (556)
[2021.01.14-16.47.19:179][ 33]LogModuleManager: Shutting down and abandoning module ImgMediaFactory (554)
[2021.01.14-16.47.19:179][ 33]LogModuleManager: Shutting down and abandoning module ImgMediaEditor (552)
[2021.01.14-16.47.19:179][ 33]LogModuleManager: Shutting down and abandoning module AvfMediaFactory (550)
[2021.01.14-16.47.19:179][ 33]LogModuleManager: Shutting down and abandoning module AvfMediaEditor (548)
[2021.01.14-16.47.19:179][ 33]LogModuleManager: Shutting down and abandoning module AndroidMediaFactory (546)
[2021.01.14-16.47.19:179][ 33]LogModuleManager: Shutting down and abandoning module AndroidMediaEditor (544)
[2021.01.14-16.47.19:179][ 33]LogModuleManager: Shutting down and abandoning module MagicLeapCameraPreviewFactory (542)
[2021.01.14-16.47.19:179][ 33]LogModuleManager: Shutting down and abandoning module MagicLeapMediaFactory (540)
[2021.01.14-16.47.19:179][ 33]LogModuleManager: Shutting down and abandoning module MagicLeapMediaEditor (538)
[2021.01.14-16.47.19:179][ 33]LogModuleManager: Shutting down and abandoning module CharacterAI (536)
[2021.01.14-16.47.19:179][ 33]LogModuleManager: Shutting down and abandoning module SmartSnapping (534)
[2021.01.14-16.47.19:179][ 33]LogModuleManager: Shutting down and abandoning module SessionServices (532)
[2021.01.14-16.47.19:179][ 33]LogModuleManager: Shutting down and abandoning module ViewportSnapping (530)
[2021.01.14-16.47.19:179][ 33]LogModuleManager: Shutting down and abandoning module ViewportInteraction (528)
[2021.01.14-16.47.19:179][ 33]LogModuleManager: Shutting down and abandoning module ClothPainter (526)
[2021.01.14-16.47.19:267][ 33]LogModuleManager: Shutting down and abandoning module SkeletalMeshEditor (525)
[2021.01.14-16.47.19:342][ 33]LogModuleManager: Shutting down and abandoning module LogVisualizer (522)
[2021.01.14-16.47.19:358][ 33]LogModuleManager: Shutting down and abandoning module IntroTutorials (520)
[2021.01.14-16.47.19:390][ 33]LogModuleManager: Shutting down and abandoning module GameProjectGeneration (519)
[2021.01.14-16.47.19:397][ 33]LogModuleManager: Shutting down and abandoning module LuminPlatformEditor (516)
[2021.01.14-16.47.19:397][ 33]LogModuleManager: Shutting down and abandoning module IOSPlatformEditor (514)
[2021.01.14-16.47.19:405][ 33]LogModuleManager: Shutting down and abandoning module HTML5PlatformEditor (512)
[2021.01.14-16.47.19:405][ 33]LogModuleManager: Shutting down and abandoning module AndroidPlatformEditor (510)
[2021.01.14-16.47.19:405][ 33]LogModuleManager: Shutting down and abandoning module AndroidDeviceDetection (509)
[2021.01.14-16.47.20:052][ 33]LogModuleManager: Shutting down and abandoning module WindowsPlatformEditor (506)
[2021.01.14-16.47.20:052][ 33]LogModuleManager: Shutting down and abandoning module LuminRuntimeSettings (504)
[2021.01.14-16.47.20:052][ 33]LogModuleManager: Shutting down and abandoning module IOSRuntimeSettings (502)
[2021.01.14-16.47.20:053][ 33]LogModuleManager: Shutting down and abandoning module AndroidRuntimeSettings (500)
[2021.01.14-16.47.20:053][ 33]LogModuleManager: Shutting down and abandoning module InputBindingEditor (498)
[2021.01.14-16.47.20:099][ 33]LogModuleManager: Shutting down and abandoning module MergeActors (496)
[2021.01.14-16.47.20:112][ 33]LogModuleManager: Shutting down and abandoning module LocalizationDashboard (494)
[2021.01.14-16.47.20:123][ 33]LogModuleManager: Shutting down and abandoning module LocalizationService (493)
[2021.01.14-16.47.20:133][ 33]LogModuleManager: Shutting down and abandoning module HardwareTargeting (490)
[2021.01.14-16.47.20:135][ 33]LogModuleManager: Shutting down and abandoning module DeviceProfileEditor (488)
[2021.01.14-16.47.20:135][ 33]LogModuleManager: Shutting down and abandoning module UndoHistory (486)
[2021.01.14-16.47.20:139][ 33]LogModuleManager: Shutting down and abandoning module XmlParser (484)
[2021.01.14-16.47.20:145][ 33]LogModuleManager: Shutting down and abandoning module Blutility (482)
[2021.01.14-16.47.20:152][ 33]LogModuleManager: Shutting down and abandoning module ProjectSettingsViewer (480)
[2021.01.14-16.47.20:152][ 33]LogModuleManager: Shutting down and abandoning module ProjectTargetPlatformEditor (479)
[2021.01.14-16.47.20:152][ 33]LogModuleManager: Shutting down and abandoning module EditorSettingsViewer (476)
[2021.01.14-16.47.20:153][ 33]LogModuleManager: Shutting down and abandoning module SettingsEditor (474)
[2021.01.14-16.47.20:182][ 33]LogModuleManager: Shutting down and abandoning module ProjectLauncher (472)
[2021.01.14-16.47.20:196][ 33]LogModuleManager: Shutting down and abandoning module SessionFrontend (470)
[2021.01.14-16.47.20:202][ 33]LogModuleManager: Shutting down and abandoning module ProfilerClient (468)
[2021.01.14-16.47.20:207][ 33]LogModuleManager: Shutting down and abandoning module DeviceManager (466)
[2021.01.14-16.47.20:216][ 33]LogModuleManager: Shutting down and abandoning module TargetDeviceServices (465)
[2021.01.14-16.47.20:270][ 33]LogModuleManager: Shutting down and abandoning module AutomationController (462)
[2021.01.14-16.47.20:307][ 33]LogModuleManager: Shutting down and abandoning module AutomationWindow (460)
[2021.01.14-16.47.20:326][ 33]LogModuleManager: Shutting down and abandoning module Layers (458)
[2021.01.14-16.47.20:355][ 33]LogModuleManager: Shutting down and abandoning module ComponentVisualizers (456)
[2021.01.14-16.47.20:355][ 33]LogModuleManager: Shutting down and abandoning module DetailCustomizations (454)
[2021.01.14-16.47.20:367][ 33]LogModuleManager: Shutting down and abandoning module PackagesDialog (452)
[2021.01.14-16.47.20:399][ 33]LogModuleManager: Shutting down and abandoning module Persona (450)
[2021.01.14-16.47.20:496][ 33]LogModuleManager: Shutting down and abandoning module AdvancedPreviewScene (449)
[2021.01.14-16.47.20:496][ 33]LogModuleManager: Shutting down and abandoning module AnimGraph (447)
[2021.01.14-16.47.20:531][ 33]LogModuleManager: Shutting down and abandoning module Kismet (444)
[2021.01.14-16.47.20:587][ 33]LogModuleManager: Shutting down and abandoning module GraphEditor (442)
[2021.01.14-16.47.20:653][ 33]LogModuleManager: Shutting down and abandoning module ClassViewer (440)
[2021.01.14-16.47.20:653][ 33]LogModuleManager: Shutting down and abandoning module Toolbox (438)
[2021.01.14-16.47.20:653][ 33]LogModuleManager: Shutting down and abandoning module ModuleUI (436)
[2021.01.14-16.47.20:659][ 33]LogModuleManager: Shutting down and abandoning module MovieSceneTools (434)
[2021.01.14-16.47.20:686][ 33]LogModuleManager: Shutting down and abandoning module OutputLog (432)
[2021.01.14-16.47.20:686][ 33]LogModuleManager: Shutting down and abandoning module GammaUI (430)
[2021.01.14-16.47.20:692][ 33]LogModuleManager: Shutting down and abandoning module Documentation (428)
[2021.01.14-16.47.20:692][ 33]LogModuleManager: Shutting down and abandoning module MovieSceneTracks (426)
[2021.01.14-16.47.20:692][ 33]LogModuleManager: Shutting down and abandoning module MovieScene (424)
[2021.01.14-16.47.20:702][ 33]LogModuleManager: Shutting down and abandoning module StreamingPauseRendering (422)
[2021.01.14-16.47.20:719][ 33]LogModuleManager: Shutting down and abandoning module LauncherPlatform (420)
[2021.01.14-16.47.20:719][ 33]LogModuleManager: Shutting down and abandoning module AnalyticsET (418)
[2021.01.14-16.47.20:719][ 33]LogModuleManager: Shutting down and abandoning module PortalServices (416)
[2021.01.14-16.47.20:719][ 33]LogModuleManager: Shutting down and abandoning module PortalRpc (414)
[2021.01.14-16.47.20:719][ 33]LogModuleManager: Shutting down and abandoning module MessagingRpc (412)
[2021.01.14-16.47.20:719][ 33]LogModuleManager: Shutting down and abandoning module AIModule (410)
[2021.01.14-16.47.20:744][ 33]LogModuleManager: Shutting down and abandoning module GameplayDebugger (409)
[2021.01.14-16.47.20:765][ 33]LogModuleManager: Shutting down and abandoning module AITestSuite (407)
[2021.01.14-16.47.20:826][ 33]LogModuleManager: Shutting down and abandoning module NavigationSystem (405)
[2021.01.14-16.47.20:826][ 33]LogModuleManager: Shutting down and abandoning module DesktopPlatform (402)
[2021.01.14-16.47.20:826][ 33]LogModuleManager: Shutting down and abandoning module ProfilerService (400)
[2021.01.14-16.47.20:859][ 33]LogModuleManager: Shutting down and abandoning module TaskGraph (398)
[2021.01.14-16.47.20:897][ 33]LogModuleManager: Shutting down and abandoning module SteamVRController (396)
[2021.01.14-16.47.20:897][ 33]LogModuleManager: Shutting down and abandoning module ProceduralMeshComponentEditor (394)
[2021.01.14-16.47.20:897][ 33]LogModuleManager: Shutting down and abandoning module ProceduralMeshComponent (392)
[2021.01.14-16.47.20:907][ 33]LogModuleManager: Shutting down and abandoning module OculusInput (390)
[2021.01.14-16.47.20:907][ 33]LogModuleManager: Shutting down and abandoning module MobilePatchingUtils (388)
[2021.01.14-16.47.20:907][ 33]LogModuleManager: Shutting down and abandoning module EditableMesh (386)
[2021.01.14-16.47.20:919][ 33]LogModuleManager: Shutting down and abandoning module CustomMeshComponent (384)
[2021.01.14-16.47.20:919][ 33]LogModuleManager: Shutting down and abandoning module CableComponent (382)
[2021.01.14-16.47.20:919][ 33]LogModuleManager: Shutting down and abandoning module AudioCapture (380)
[2021.01.14-16.47.20:919][ 33]LogModuleManager: Shutting down and abandoning module ArchVisCharacter (378)
[2021.01.14-16.47.20:919][ 33]LogModuleManager: Shutting down and abandoning module AndroidPermission (376)
[2021.01.14-16.47.20:919][ 33]LogModuleManager: Shutting down and abandoning module NUTUnrealEngine4 (374)
[2021.01.14-16.47.20:919][ 33]LogModuleManager: Shutting down and abandoning module NetcodeUnitTest (372)
[2021.01.14-16.47.20:945][ 33]LogModuleManager: Shutting down and abandoning module MediaCompositingEditor (370)
[2021.01.14-16.47.20:952][ 33]LogModuleManager: Shutting down and abandoning module MediaCompositing (368)
[2021.01.14-16.47.20:952][ 33]LogModuleManager: Shutting down and abandoning module LinearTimecode (366)
[2021.01.14-16.47.20:952][ 33]LogModuleManager: Shutting down and abandoning module ImgMedia (364)
[2021.01.14-16.47.20:964][ 33]LogModuleManager: Shutting down and abandoning module HTML5Networking (362)
[2021.01.14-16.47.20:964][ 33]LogModuleManager: Shutting down and abandoning module GeometryCacheTracks (360)
[2021.01.14-16.47.20:964][ 33]LogModuleManager: Shutting down and abandoning module GeometryCacheSequencer (358)
[2021.01.14-16.47.20:964][ 33]LogModuleManager: Shutting down and abandoning module BackChannel (356)
[2021.01.14-16.47.20:977][ 33]LogModuleManager: Shutting down and abandoning module AppleVision (354)
[2021.01.14-16.47.20:977][ 33]LogModuleManager: Shutting down and abandoning module AppleImageUtils (352)
[2021.01.14-16.47.20:977][ 33]LogModuleManager: Shutting down and abandoning module AlembicImporter (350)
[2021.01.14-16.47.20:977][ 33]LogModuleManager: Shutting down and abandoning module AlembicLibrary (349)
[2021.01.14-16.47.20:977][ 33]LogModuleManager: Shutting down and abandoning module GeometryCache (348)
[2021.01.14-16.47.20:977][ 33]LogModuleManager: Shutting down and abandoning module GeometryCacheEd (347)
[2021.01.14-16.47.20:977][ 33]LogModuleManager: Shutting down and abandoning module DatasmithContentEditor (342)
[2021.01.14-16.47.20:987][ 33]LogModuleManager: Shutting down and abandoning module DatasmithContent (340)
[2021.01.14-16.47.20:987][ 33]LogModuleManager: Shutting down and abandoning module SpeedTreeImporter (338)
[2021.01.14-16.47.20:987][ 33]LogModuleManager: Shutting down and abandoning module PluginBrowser (336)
[2021.01.14-16.47.21:020][ 33]LogModuleManager: Shutting down and abandoning module MobileLauncherProfileWizard (334)
[2021.01.14-16.47.21:034][ 33]LogModuleManager: Shutting down and abandoning module PolygonModeling (332)
[2021.01.14-16.47.21:034][ 33]LogModuleManager: Shutting down and abandoning module MeshEditor (330)
[2021.01.14-16.47.21:042][ 33]LogModuleManager: Shutting down and abandoning module CryptoKeysOpenSSL (328)
[2021.01.14-16.47.21:055][ 33]LogModuleManager: Shutting down and abandoning module CryptoKeys (326)
[2021.01.14-16.47.21:055][ 33]LogModuleManager: Shutting down and abandoning module VisualStudioSourceCodeAccess (324)
[2021.01.14-16.47.21:063][ 33]LogModuleManager: Shutting down and abandoning module VisualStudioCodeSourceCodeAccess (322)
[2021.01.14-16.47.21:063][ 33]LogModuleManager: Shutting down and abandoning module UObjectPlugin (320)
[2021.01.14-16.47.21:063][ 33]LogModuleManager: Shutting down and abandoning module SubversionSourceControl (318)
[2021.01.14-16.47.21:094][ 33]LogModuleManager: Shutting down and abandoning module PerforceSourceControl (316)
[2021.01.14-16.47.21:116][ 33]LogModuleManager: Shutting down and abandoning module GitSourceControl (314)
[2021.01.14-16.47.21:132][ 33]LogModuleManager: Shutting down and abandoning module SourceControl (313)
[2021.01.14-16.47.21:132][ 33]LogModuleManager: Shutting down and abandoning module CLionSourceCodeAccess (310)
[2021.01.14-16.47.21:147][ 33]LogModuleManager: Shutting down and abandoning module LightPropagationVolumeEditor (308)
[2021.01.14-16.47.21:147][ 33]LogModuleManager: Shutting down and abandoning module PaperTiledImporter (306)
[2021.01.14-16.47.21:147][ 33]LogModuleManager: Shutting down and abandoning module PaperSpriteSheetImporter (304)
[2021.01.14-16.47.21:147][ 33]LogModuleManager: Shutting down and abandoning module Paper2DEditor (302)
[2021.01.14-16.47.21:178][ 33]LogModuleManager: Shutting down and abandoning module MeshPaint (301)
[2021.01.14-16.47.21:190][ 33]LogModuleManager: Shutting down and abandoning module RuntimePhysXCooking (298)
[2021.01.14-16.47.21:190][ 33]LogModuleManager: Shutting down and abandoning module PhysXVehiclesEditor (296)
[2021.01.14-16.47.21:204][ 33]LogModuleManager: Shutting down and abandoning module PhysXVehicles (294)
[2021.01.14-16.47.21:204][ 33]LogModuleManager: Shutting down and abandoning module OculusEditor (292)
[2021.01.14-16.47.21:215][ 33]LogModuleManager: Shutting down and abandoning module LocationServicesBPLibrary (290)
[2021.01.14-16.47.21:215][ 33]LogModuleManager: Shutting down and abandoning module ImmediatePhysicsEditor (288)
[2021.01.14-16.47.21:215][ 33]LogModuleManager: Shutting down and abandoning module ImmediatePhysics (286)
[2021.01.14-16.47.21:215][ 33]LogModuleManager: Shutting down and abandoning module ActorSequence (284)
[2021.01.14-16.47.21:215][ 33]LogModuleManager: Shutting down and abandoning module UdpMessaging (282)
[2021.01.14-16.47.21:316][ 33]LogModuleManager: Shutting down and abandoning module TcpMessaging (280)
[2021.01.14-16.47.21:474][ 33]LogModuleManager: Shutting down and abandoning module MagicLeapAudio (278)
[2021.01.14-16.47.21:474][ 33]LogModuleManager: Shutting down and abandoning module GameplayTagsEditor (276)
[2021.01.14-16.47.21:502][ 33]LogModuleManager: Shutting down and abandoning module FacialAnimationEditor (274)
[2021.01.14-16.47.21:511][ 33]LogModuleManager: Shutting down and abandoning module FacialAnimation (272)
[2021.01.14-16.47.21:511][ 33]LogModuleManager: Shutting down and abandoning module DataValidation (270)
[2021.01.14-16.47.21:522][ 33]LogModuleManager: Shutting down and abandoning module AssetManagerEditor (268)
[2021.01.14-16.47.21:555][ 33]LogModuleManager: Shutting down and abandoning module LevelEditor (267)
[2021.01.14-16.47.21:603][ 33]LogModuleManager: Shutting down and abandoning module PixelInspectorModule (266)
[2021.01.14-16.47.21:646][ 33]LogModuleManager: Shutting down and abandoning module CommonMenuExtensions (264)
[2021.01.14-16.47.21:646][ 33]LogModuleManager: Shutting down and abandoning module MainFrame (262)
[2021.01.14-16.47.21:650][ 33]LogModuleManager: Shutting down and abandoning module HotReload (261)
[2021.01.14-16.47.21:652][ 33]LogModuleManager: Shutting down and abandoning module ContentBrowser (257)
[2021.01.14-16.47.21:653][ 33]LogModuleManager: Shutting down and abandoning module TreeMap (255)
[2021.01.14-16.47.21:679][ 33]LogModuleManager: Shutting down and abandoning module LightPropagationVolumeRuntime (252)
[2021.01.14-16.47.21:679][ 33]LogModuleManager: Shutting down and abandoning module AISupportModule (250)
[2021.01.14-16.47.21:679][ 33]LogModuleManager: Shutting down and abandoning module Paper2D (248)
[2021.01.14-16.47.21:687][ 33]LogModuleManager: Shutting down and abandoning module WindowsMoviePlayer (246)
[2021.01.14-16.47.21:698][ 33]LogModuleManager: Shutting down and abandoning module WmfMedia (244)
[2021.01.14-16.47.21:716][ 33]LogModuleManager: Shutting down and abandoning module Media (243)
[2021.01.14-16.47.21:723][ 33]LogModuleManager: Shutting down and abandoning module PacketHandler (240)
[2021.01.14-16.47.21:723][ 33]LogModuleManager: Shutting down and abandoning module ClothingSystemEditor (238)
[2021.01.14-16.47.21:723][ 33]LogModuleManager: Shutting down and abandoning module ClothingSystemRuntime (236)
[2021.01.14-16.47.21:737][ 33]LogModuleManager: Shutting down and abandoning module MediaAssets (234)
[2021.01.14-16.47.21:737][ 33]LogModuleManager: Shutting down and abandoning module Overlay (232)
[2021.01.14-16.47.21:737][ 33]LogModuleManager: Shutting down and abandoning module OverlayEditor (231)
[2021.01.14-16.47.21:737][ 33]LogModuleManager: Shutting down and abandoning module VREditor (228)
[2021.01.14-16.47.21:745][ 33]LogModuleManager: Shutting down and abandoning module StringTableEditor (226)
[2021.01.14-16.47.21:763][ 33]LogModuleManager: Shutting down and abandoning module GameplayTasksEditor (224)
[2021.01.14-16.47.21:763][ 33]LogModuleManager: Shutting down and abandoning module BehaviorTreeEditor (222)
[2021.01.14-16.47.21:821][ 33]LogModuleManager: Shutting down and abandoning module FunctionalTesting (220)
[2021.01.14-16.47.21:833][ 33]LogModuleManager: Shutting down and abandoning module CollisionAnalyzer (218)
[2021.01.14-16.47.21:879][ 33]LogModuleManager: Shutting down and abandoning module WorkspaceMenuStructure (217)
[2021.01.14-16.47.21:893][ 33]LogModuleManager: Shutting down and abandoning module UMG (214)
[2021.01.14-16.47.21:903][ 33]LogModuleManager: Shutting down and abandoning module UMGEditor (213)
[2021.01.14-16.47.21:931][ 33]LogModuleManager: Shutting down and abandoning module Sequencer (212)
[2021.01.14-16.47.21:961][ 33]LogModuleManager: Shutting down and abandoning module MessageLog (209)
[2021.01.14-16.47.21:961][ 33]LogModuleManager: Shutting down and abandoning module SlateReflector (204)
[2021.01.14-16.47.22:219][ 33]LogModuleManager: Shutting down and abandoning module Slate (202)
[2021.01.14-16.47.22:262][ 33]LogModuleManager: Shutting down and abandoning module EditorStyle (200)
[2021.01.14-16.47.22:263][ 33]LogModuleManager: Shutting down and abandoning module MRMesh (198)
[2021.01.14-16.47.22:279][ 33]LogModuleManager: Shutting down and abandoning module SourceCodeAccess (196)
[2021.01.14-16.47.22:377][ 33]LogModuleManager: Shutting down and abandoning module HeadMountedDisplay (194)
[2021.01.14-16.47.22:377][ 33]LogModuleManager: Shutting down and abandoning module XAudio2 (192)
[2021.01.14-16.47.22:377][ 33]LogModuleManager: Shutting down and abandoning module Networking (190)
[2021.01.14-16.47.22:377][ 33]LogModuleManager: Shutting down and abandoning module Core (188)
[2021.01.14-16.47.22:377][ 33]LogModuleManager: Shutting down and abandoning module LevelSequence (186)
[2021.01.14-16.47.22:377][ 33]LogModuleManager: Shutting down and abandoning module KismetCompiler (184)
[2021.01.14-16.47.22:377][ 33]LogModuleManager: Shutting down and abandoning module MeshUtilities (182)
[2021.01.14-16.47.22:407][ 33]LogModuleManager: Shutting down and abandoning module MeshMergeUtilities (181)
[2021.01.14-16.47.22:418][ 33]LogModuleManager: Shutting down and abandoning module MeshReductionInterface (180)
[2021.01.14-16.47.22:418][ 33]LogModuleManager: Shutting down and abandoning module SimplygonSwarm (179)
[2021.01.14-16.47.22:436][ 33]LogModuleManager: Shutting down and abandoning module ProxyLODMeshReduction (177)
[2021.01.14-16.47.22:462][ 33]LogModuleManager: Shutting down and abandoning module SimplygonMeshReduction (175)
[2021.01.14-16.47.22:489][ 33]LogModuleManager: Shutting down and abandoning module QuadricMeshReduction (173)
[2021.01.14-16.47.22:509][ 33]LogModuleManager: Shutting down and abandoning module MaterialBaking (169)
[2021.01.14-16.47.22:579][ 33]LogModuleManager: Shutting down and abandoning module DirectoryWatcher (165)
[2021.01.14-16.47.22:579][ 33]LogModuleManager: Shutting down and abandoning module DerivedDataCache (162)
[2021.01.14-16.47.22:583][ 33]LogDerivedDataCache: Shutdown
[2021.01.14-16.47.22:583][ 33]LogModuleManager: Shutting down and abandoning module XGEController (160)
[2021.01.14-16.47.22:642][ 33]LogModuleManager: Shutting down and abandoning module TargetPlatform (158)
[2021.01.14-16.47.22:642][ 33]LogModuleManager: Shutting down and abandoning module VulkanShaderFormat (157)
[2021.01.14-16.47.22:669][ 33]LogModuleManager: Shutting down and abandoning module ShaderFormatVectorVM (155)
[2021.01.14-16.47.22:728][ 33]LogModuleManager: Shutting down and abandoning module ShaderFormatOpenGL (153)
[2021.01.14-16.47.22:748][ 33]LogModuleManager: Shutting down and abandoning module ShaderFormatD3D (151)
[2021.01.14-16.47.22:809][ 33]LogModuleManager: Shutting down and abandoning module MetalShaderFormat (149)
[2021.01.14-16.47.22:890][ 33]LogModuleManager: Shutting down and abandoning module TextureFormatUncompressed (147)
[2021.01.14-16.47.22:890][ 33]LogModuleManager: Shutting down and abandoning module TextureFormatPVR (145)
[2021.01.14-16.47.22:890][ 33]LogModuleManager: Shutting down and abandoning module TextureFormatDXT (143)
[2021.01.14-16.47.23:037][ 33]LogModuleManager: Shutting down and abandoning module TextureFormatIntelISPCTexComp (141)
[2021.01.14-16.47.23:162][ 33]LogModuleManager: Shutting down and abandoning module TextureFormatASTC (139)
[2021.01.14-16.47.23:162][ 33]LogModuleManager: Shutting down and abandoning module ImageWrapper (138)
[2021.01.14-16.47.23:162][ 33]LogModuleManager: Shutting down and abandoning module TextureFormatAndroid (135)
[2021.01.14-16.47.23:162][ 33]LogModuleManager: Shutting down and abandoning module AudioFormatOpus (133)
[2021.01.14-16.47.23:162][ 33]LogModuleManager: Shutting down and abandoning module AudioFormatOgg (131)
[2021.01.14-16.47.23:162][ 33]LogModuleManager: Shutting down and abandoning module AudioFormatADPCM (129)
[2021.01.14-16.47.23:162][ 33]LogModuleManager: Shutting down and abandoning module LuminTargetPlatform (127)
[2021.01.14-16.47.23:162][ 33]LogModuleManager: Shutting down and abandoning module LinuxTargetPlatform (125)
[2021.01.14-16.47.23:162][ 33]LogModuleManager: Shutting down and abandoning module LinuxServerTargetPlatform (123)
[2021.01.14-16.47.23:162][ 33]LogModuleManager: Shutting down and abandoning module LinuxNoEditorTargetPlatform (121)
[2021.01.14-16.47.23:212][ 33]LogModuleManager: Shutting down and abandoning module LinuxClientTargetPlatform (119)
[2021.01.14-16.47.23:250][ 33]LogModuleManager: Shutting down and abandoning module TVOSTargetPlatform (117)
[2021.01.14-16.47.23:260][ 33]LogModuleManager: Shutting down and abandoning module Messaging (115)
[2021.01.14-16.47.23:260][ 33]LogModuleManager: Shutting down and abandoning module IOSTargetPlatform (113)
[2021.01.14-16.47.23:269][ 33]LogModuleManager: Shutting down and abandoning module HTML5TargetPlatform (111)
[2021.01.14-16.47.23:269][ 33]LogModuleManager: Shutting down and abandoning module AndroidTargetPlatform (109)
[2021.01.14-16.47.23:460][ 33]LogModuleManager: Shutting down and abandoning module WindowsTargetPlatform (107)
[2021.01.14-16.47.23:461][ 33]LogModuleManager: Shutting down and abandoning module WindowsServerTargetPlatform (105)
[2021.01.14-16.47.23:461][ 33]LogModuleManager: Shutting down and abandoning module WindowsNoEditorTargetPlatform (103)
[2021.01.14-16.47.23:461][ 33]LogModuleManager: Shutting down and abandoning module WindowsClientTargetPlatform (101)
[2021.01.14-16.47.23:461][ 33]LogModuleManager: Shutting down and abandoning module MacTargetPlatform (99)
[2021.01.14-16.47.23:461][ 33]LogModuleManager: Shutting down and abandoning module MacServerTargetPlatform (97)
[2021.01.14-16.47.23:461][ 33]LogModuleManager: Shutting down and abandoning module MacNoEditorTargetPlatform (95)
[2021.01.14-16.47.23:461][ 33]LogModuleManager: Shutting down and abandoning module MacClientTargetPlatform (93)
[2021.01.14-16.47.23:461][ 33]LogModuleManager: Shutting down and abandoning module AllDesktopTargetPlatform (91)
[2021.01.14-16.47.23:461][ 33]LogModuleManager: Shutting down and abandoning module InputCore (88)
[2021.01.14-16.47.23:461][ 33]LogModuleManager: Shutting down and abandoning module Settings (86)
[2021.01.14-16.47.23:461][ 33]LogModuleManager: Shutting down and abandoning module PhysXCooking (84)
[2021.01.14-16.47.23:462][ 33]LogModuleManager: Shutting down and abandoning module SteamVR (82)
[2021.01.14-16.47.23:462][ 33]LogModuleManager: Shutting down and abandoning module OculusHMD (80)
[2021.01.14-16.47.23:519][ 33]LogModuleManager: Shutting down and abandoning module ExampleDeviceProfileSelector (78)
[2021.01.14-16.47.23:519][ 33]LogModuleManager: Shutting down and abandoning module LauncherChunkInstaller (76)
[2021.01.14-16.47.23:519][ 33]LogModuleManager: Shutting down and abandoning module OnlineBlueprintSupport (74)
[2021.01.14-16.47.23:519][ 33]LogModuleManager: Shutting down and abandoning module OnlineSubsystem (70)
[2021.01.14-16.47.23:844][ 33]LogModuleManager: Shutting down and abandoning module XMPP (65)
[2021.01.14-16.47.23:963][ 33]LogModuleManager: Shutting down and abandoning module WebSockets (64)
[2021.01.14-16.47.24:828][ 33]LogModuleManager: Shutting down and abandoning module HTTP (61)
[2021.01.14-16.47.24:828][ 33]LogHttp: Display: Http module shutting down, but needs to wait on 1 outstanding Http requests:
[2021.01.14-16.47.24:828][ 33]LogHttp: Display: 	verb=[POST] url=[https://datarouter.ol.epicgames.com/datarouter/api/v1/public/data?SessionID=%7B76BF944A-4139-8170-1BAB-97A45CF1A0C6%7D&AppID=UEEditor.Rocket.Release&AppVersion=4.20.3-4369336%2B%2B%2BUE4%2BRelease-4.20&UserID=46c5cdc049f66afa3045a4a5c1b88412%7C3d816f00dd494cedb2b85bce78c9e1b8%7Cc56451cf-7b1b-473b-b9eb-482066e06d07&AppEnvironment=datacollector-binary&UploadType=eteventstream] status=Processing
[2021.01.14-16.47.24:854][ 33]LogModuleManager: Shutting down and abandoning module SSL (60)
[2021.01.14-16.47.24:966][ 33]LogModuleManager: Shutting down and abandoning module MagicLeapEmulator (56)
[2021.01.14-16.47.24:966][ 33]LogModuleManager: Shutting down and abandoning module MagicLeapPrivileges (54)
[2021.01.14-16.47.24:966][ 33]LogModuleManager: Shutting down and abandoning module MagicLeapIdentity (52)
[2021.01.14-16.47.24:966][ 33]LogModuleManager: Shutting down and abandoning module MagicLeapHelperVulkan (50)
[2021.01.14-16.47.24:966][ 33]LogModuleManager: Shutting down and abandoning module MagicLeapHelperOpenGL (48)
[2021.01.14-16.47.24:966][ 33]LogModuleManager: Shutting down and abandoning module MagicLeapSecureStorage (46)
[2021.01.14-16.47.24:966][ 33]LogModuleManager: Shutting down and abandoning module MagicLeapGestures (44)
[2021.01.14-16.47.24:966][ 33]LogModuleManager: Shutting down and abandoning module MagicLeapEyeTracker (42)
[2021.01.14-16.47.24:966][ 33]LogModuleManager: Shutting down and abandoning module MagicLeapController (40)
[2021.01.14-16.47.24:967][ 33]LogSlate: Slate User Destroyed.  User Index 0, Is Virtual User: 0
[2021.01.14-16.47.24:967][ 33]LogModuleManager: Shutting down and abandoning module MagicLeap (38)
[2021.01.14-16.47.24:967][ 33]LogModuleManager: Shutting down and abandoning module AnimationModifiers (36)
[2021.01.14-16.47.25:118][ 33]LogModuleManager: Shutting down and abandoning module PropertyEditor (35)
[2021.01.14-16.47.25:269][ 33]LogModuleManager: Shutting down and abandoning module AudioEditor (32)
[2021.01.14-16.47.25:348][ 33]LogModuleManager: Shutting down and abandoning module TextureCompressor (30)
[2021.01.14-16.47.25:433][ 33]LogModuleManager: Shutting down and abandoning module ShaderCore (28)
[2021.01.14-16.47.25:433][ 33]LogModuleManager: Shutting down and abandoning module Landscape (26)
[2021.01.14-16.47.25:433][ 33]LogModuleManager: Shutting down and abandoning module SlateRHIRenderer (24)
[2021.01.14-16.47.25:536][ 33]LogModuleManager: Shutting down and abandoning module OpenGLDrv (22)
[2021.01.14-16.47.25:569][ 33]LogModuleManager: Shutting down and abandoning module D3D11RHI (20)
[2021.01.14-16.47.25:569][ 33]LogModuleManager: Shutting down and abandoning module AnimGraphRuntime (18)
[2021.01.14-16.47.25:598][ 33]LogModuleManager: Shutting down and abandoning module Renderer (16)
[2021.01.14-16.47.25:598][ 33]LogModuleManager: Shutting down and abandoning module Engine (14)
[2021.01.14-16.47.25:599][ 33]LogModuleManager: Shutting down and abandoning module CoreUObject (12)
[2021.01.14-16.47.25:599][ 33]LogModuleManager: Shutting down and abandoning module NetworkFile (10)
[2021.01.14-16.47.25:611][ 33]LogModuleManager: Shutting down and abandoning module CookedIterativeFile (8)
[2021.01.14-16.47.25:611][ 33]LogModuleManager: Shutting down and abandoning module StreamingFile (6)
[2021.01.14-16.47.25:625][ 33]LogModuleManager: Shutting down and abandoning module SandboxFile (4)
[2021.01.14-16.47.25:625][ 33]LogModuleManager: Shutting down and abandoning module PakFile (2)
[2021.01.14-16.47.25:700][ 33]LogExit: Exiting.
[2021.01.14-16.47.25:734][ 33]Log file closed, 01/14/21 17:47:25
